2024-03-02 09:42:50,347 [INFO] Activator:176 - 


2024-03-02 09:42:50,358 [INFO] Activator:177 - !SESSION log4j initialized
2024-03-02 09:42:54,885 [INFO] LogOutputStream:77 - [STDOUT_REDIRECT] 
2024-03-02 09:42:57,293 [INFO] ApplicationProperties:184 - Using Application install path: C:\ST\STM32CubeIDE_1.13.1\STM32CubeIDE\plugins\com.st.stm32cube.common.mx_6.9.1.202307191849
2024-03-02 09:42:57,309 [INFO] DbMcusXml:78 - Set database path to: C:\ST\STM32CubeIDE_1.13.1\STM32CubeIDE\plugins\com.st.stm32cube.common.mx_6.9.1.202307191849\\db\/mcu/
2024-03-02 09:42:57,309 [INFO] ApiDb:274 - Set plugin database path to: C:\ST\STM32CubeIDE_1.13.1\STM32CubeIDE\plugins\com.st.stm32cube.common.mx_6.9.1.202307191849\\db\/plugins/boardmanager/
2024-03-02 09:42:57,314 [WARN] ApiDb:259 - Overriding images path with different value:  => C:\ST\STM32CubeIDE_1.13.1\STM32CubeIDE\plugins\com.st.stm32cube.common.mx_6.9.1.202307191849\\db\/plugins/mcufinder/images/
2024-03-02 09:42:57,324 [INFO] ApiDb:250 - Set database path to: C:\Users\admin\.stmcufinder\plugins\mcufinder//mcu/
2024-03-02 09:42:57,325 [INFO] DbMcusAds:125 - Set database path to: C:\Users\admin\.stmcufinder\plugins\mcufinder//mcu/
2024-03-02 09:42:57,327 [INFO] CrossReferenceDbSqlite:203 - Set database path to: C:\Users\admin\.stmcufinder\plugins\mcufinder//mcu/cs/
2024-03-02 09:42:57,442 [INFO] RulesReader:64 - Compatibility file has been processed (293 Rules)
2024-03-02 09:42:57,524 [INFO] DbMcusXml:78 - Set database path to: C:\ST\STM32CubeIDE_1.13.1\STM32CubeIDE\plugins\com.st.stm32cube.common.mx_6.9.1.202307191849\\db\/mcu/
2024-03-02 09:42:57,524 [INFO] ApiDb:274 - Set plugin database path to: C:\ST\STM32CubeIDE_1.13.1\STM32CubeIDE\plugins\com.st.stm32cube.common.mx_6.9.1.202307191849\\db\/plugins/boardmanager/
2024-03-02 09:42:57,524 [INFO] ApiDb:261 - Set plugin images path to: C:\ST\STM32CubeIDE_1.13.1\STM32CubeIDE\plugins\com.st.stm32cube.common.mx_6.9.1.202307191849\\db\/plugins/mcufinder/images/
2024-03-02 09:42:57,525 [WARN] DbFile:41 - Overriding database path with different value: C:\Users\admin\.stmcufinder\plugins\mcufinder/ => C:\Users\admin\.stmcufinder\plugins\mcufinder
2024-03-02 09:42:57,525 [INFO] ApiDb:250 - Set database path to: C:\Users\admin\.stmcufinder\plugins\mcufinder//mcu/
2024-03-02 09:42:57,525 [WARN] DbFile:41 - Overriding database path with different value: C:\Users\admin\.stmcufinder\plugins\mcufinder/ => C:\Users\admin\.stmcufinder\plugins\mcufinder
2024-03-02 09:42:57,525 [INFO] DbMcusAds:125 - Set database path to: C:\Users\admin\.stmcufinder\plugins\mcufinder//mcu/
2024-03-02 09:42:57,525 [WARN] DbFile:41 - Overriding database path with different value: C:\Users\admin\.stmcufinder\plugins\mcufinder/ => C:\Users\admin\.stmcufinder\plugins\mcufinder
2024-03-02 09:42:57,525 [WARN] DbFile:41 - Overriding database path with different value: C:\Users\admin\.stmcufinder\plugins\mcufinder/ => C:\Users\admin\.stmcufinder\plugins\mcufinder
2024-03-02 09:42:57,525 [INFO] CrossReferenceDbSqlite:203 - Set database path to: C:\Users\admin\.stmcufinder\plugins\mcufinder//mcu/cs/
2024-03-02 09:42:57,595 [INFO] MainPanel:262 - HeapMemory: 268435456
2024-03-02 09:42:57,667 [INFO] DbMcusXml:78 - Set database path to: C:\ST\STM32CubeIDE_1.13.1\STM32CubeIDE\plugins\com.st.stm32cube.common.mx_6.9.1.202307191849\\db\/mcu/
2024-03-02 09:42:57,668 [INFO] ApiDb:274 - Set plugin database path to: C:\ST\STM32CubeIDE_1.13.1\STM32CubeIDE\plugins\com.st.stm32cube.common.mx_6.9.1.202307191849\\db\/plugins/boardmanager/
2024-03-02 09:42:57,668 [INFO] ApiDb:261 - Set plugin images path to: C:\ST\STM32CubeIDE_1.13.1\STM32CubeIDE\plugins\com.st.stm32cube.common.mx_6.9.1.202307191849\\db\/plugins/mcufinder/images/
2024-03-02 09:42:57,668 [WARN] DbFile:41 - Overriding database path with different value: C:\Users\admin\.stmcufinder\plugins\mcufinder/ => C:\Users\admin\.stmcufinder\plugins\mcufinder
2024-03-02 09:42:57,668 [INFO] ApiDb:250 - Set database path to: C:\Users\admin\.stmcufinder\plugins\mcufinder//mcu/
2024-03-02 09:42:57,668 [WARN] DbFile:41 - Overriding database path with different value: C:\Users\admin\.stmcufinder\plugins\mcufinder/ => C:\Users\admin\.stmcufinder\plugins\mcufinder
2024-03-02 09:42:57,668 [INFO] DbMcusAds:125 - Set database path to: C:\Users\admin\.stmcufinder\plugins\mcufinder//mcu/
2024-03-02 09:42:57,668 [WARN] DbFile:41 - Overriding database path with different value: C:\Users\admin\.stmcufinder\plugins\mcufinder/ => C:\Users\admin\.stmcufinder\plugins\mcufinder
2024-03-02 09:42:57,668 [WARN] DbFile:41 - Overriding database path with different value: C:\Users\admin\.stmcufinder\plugins\mcufinder/ => C:\Users\admin\.stmcufinder\plugins\mcufinder
2024-03-02 09:42:57,669 [INFO] CrossReferenceDbSqlite:203 - Set database path to: C:\Users\admin\.stmcufinder\plugins\mcufinder//mcu/cs/
2024-03-02 09:42:57,684 [INFO] ApplicationProperties:184 - Using Application install path: C:\ST\STM32CubeIDE_1.13.1\STM32CubeIDE\plugins\com.st.stm32cube.common.mx_6.9.1.202307191849
2024-03-02 09:42:57,685 [INFO] PluginManage:196 - Search for loadable plugins [exclusion list=, ]
2024-03-02 09:42:57,686 [INFO] PluginManage:310 - Check plugin analytics
2024-03-02 09:42:57,731 [ERROR] ConfigurationRetriever:142 - IOException on connection: Connect timed out
2024-03-02 09:42:57,819 [INFO] AnalyticsPlugin:253 - Accepted Software Licenses: STM32CubeMX.6.8.1
2024-03-02 09:42:57,819 [INFO] AnalyticsPlugin:255 - Accepted CMSIS Pack Licenses: 
2024-03-02 09:42:57,819 [INFO] AnalyticsPlugin:257 - Accepted Firmware Licenses: FW.F4.1.27.0
2024-03-02 09:42:57,822 [INFO] PluginManage:359 - Loaded plugin analytics (category:tool,tabindex:-1)
2024-03-02 09:42:57,822 [INFO] PluginManage:310 - Check plugin cadmodel
2024-03-02 09:42:57,825 [INFO] CADModel:105 - Init CAD model plugin
2024-03-02 09:42:57,825 [INFO] PluginManage:359 - Loaded plugin cadmodel (category:power,tabindex:5)
2024-03-02 09:42:57,825 [INFO] PluginManage:310 - Check plugin clock
2024-03-02 09:42:57,833 [INFO] PluginManage:359 - Loaded plugin clock (category:base,tabindex:2)
2024-03-02 09:42:57,833 [INFO] PluginManage:310 - Check plugin ddr
2024-03-02 09:42:57,835 [INFO] PluginManage:359 - Loaded plugin ddr (category:tool,tabindex:6)
2024-03-02 09:42:57,835 [INFO] PluginManage:310 - Check plugin filemanager
2024-03-02 09:42:57,979 [INFO] PluginManage:359 - Loaded plugin filemanager (category:base,tabindex:10)
2024-03-02 09:42:57,979 [INFO] PluginManage:310 - Check plugin ipmanager
2024-03-02 09:42:57,986 [INFO] PluginManage:359 - Loaded plugin ipmanager (category:base,tabindex:5)
2024-03-02 09:42:57,986 [INFO] PluginManage:310 - Check plugin lpbam
2024-03-02 09:42:57,992 [INFO] PluginManage:359 - Loaded plugin lpbam (category:base,tabindex:0)
2024-03-02 09:42:57,992 [INFO] PluginManage:310 - Check plugin memorymap
2024-03-02 09:42:58,001 [INFO] PluginManage:359 - Loaded plugin memorymap (category:base,tabindex:4)
2024-03-02 09:42:58,002 [INFO] PluginManage:310 - Check plugin pinoutandconfiguration
2024-03-02 09:42:58,007 [INFO] PluginManage:359 - Loaded plugin pinoutandconfiguration (category:base,tabindex:1)
2024-03-02 09:42:58,007 [INFO] PluginManage:310 - Check plugin pinoutconfig
2024-03-02 09:42:58,081 [WARN] SupportedApi:132 - Cannot load RTOS API schema: s4s-elt-must-match.1: The content of 'definitions' must match (annotation?, (simpleType | complexType)?, (unique | key | keyref)*)). A problem was found starting at: attribute.
2024-03-02 09:42:58,202 [INFO] PluginManage:359 - Loaded plugin pinoutconfig (category:base,tabindex:0)
2024-03-02 09:42:58,202 [INFO] PluginManage:310 - Check plugin power
2024-03-02 09:42:58,211 [INFO] PluginManage:359 - Loaded plugin power (category:power,tabindex:4)
2024-03-02 09:42:58,211 [INFO] PluginManage:310 - Check plugin projectmanager
2024-03-02 09:42:58,227 [INFO] PluginManage:359 - Loaded plugin projectmanager (category:projectmanager,tabindex:3)
2024-03-02 09:42:58,227 [INFO] PluginManage:310 - Check plugin thirdparty
2024-03-02 09:42:58,360 [INFO] PluginManage:359 - Loaded plugin thirdparty (category:base,tabindex:-1)
2024-03-02 09:42:58,360 [WARN] IntegrityCheckThread:84 - waiting for thirdparty lock release [integrity check]
2024-03-02 09:42:58,360 [INFO] PluginManage:310 - Check plugin tools
2024-03-02 09:42:58,360 [INFO] IntegrityCheckThread:86 - entering critical section [integrity check]
2024-03-02 09:42:58,360 [INFO] ThirdPartyUpdaterWithRetryManager:70 - Updater plugin not ready yet. [1/15]
2024-03-02 09:42:58,363 [INFO] PluginManage:359 - Loaded plugin tools (category:base,tabindex:7)
2024-03-02 09:42:58,363 [INFO] PluginManage:310 - Check plugin tutovideos
2024-03-02 09:42:58,512 [INFO] PluginManage:359 - Loaded plugin tutovideos (category:base,tabindex:-1)
2024-03-02 09:42:58,512 [INFO] PluginManage:310 - Check plugin updater
2024-03-02 09:42:58,521 [INFO] PluginManage:359 - Loaded plugin updater (category:base,tabindex:12)
2024-03-02 09:42:58,522 [INFO] PluginManage:310 - Check plugin userauth
2024-03-02 09:42:58,527 [INFO] UserAuth:113 - Init User Auth plugin
2024-03-02 09:42:58,527 [INFO] PluginManage:359 - Loaded plugin userauth (category:base,tabindex:14)
2024-03-02 09:42:58,527 [INFO] PluginManage:283 - PluginManage : Loaded plugins [17]
2024-03-02 09:42:58,718 [INFO] PinOutPanel:1499 - setPackage(No Configuration,No Configuration)
2024-03-02 09:42:58,820 [INFO] CADModel:165 - CPN selected for project level
2024-03-02 09:42:58,820 [INFO] CADModel:114 - Register for checkConnection events
2024-03-02 09:42:58,834 [INFO] IPUIPlugin:80 - create IPUIPlugin
2024-03-02 09:42:58,835 [INFO] PluginManager:220 - loadIPPluginJar : add adc
2024-03-02 09:42:58,838 [INFO] IPUIPlugin:80 - create IPUIPlugin
2024-03-02 09:42:58,838 [INFO] PluginManager:220 - loadIPPluginJar : add aes
2024-03-02 09:42:58,840 [INFO] IPUIPlugin:80 - create IPUIPlugin
2024-03-02 09:42:58,840 [INFO] PluginManager:220 - loadIPPluginJar : add can
2024-03-02 09:42:58,842 [INFO] IPUIPlugin:80 - create IPUIPlugin
2024-03-02 09:42:58,842 [INFO] PluginManager:220 - loadIPPluginJar : add comp
2024-03-02 09:42:58,844 [INFO] IPUIPlugin:80 - create IPUIPlugin
2024-03-02 09:42:58,844 [INFO] PluginManager:220 - loadIPPluginJar : add cryp
2024-03-02 09:42:58,846 [INFO] IPUIPlugin:80 - create IPUIPlugin
2024-03-02 09:42:58,846 [INFO] PluginManager:220 - loadIPPluginJar : add dfsdm
2024-03-02 09:42:58,851 [INFO] IPUIPlugin:80 - create IPUIPlugin
2024-03-02 09:42:58,852 [INFO] PluginManager:220 - loadIPPluginJar : add dma
2024-03-02 09:42:58,853 [INFO] IPUIPlugin:80 - create IPUIPlugin
2024-03-02 09:42:58,854 [INFO] PluginManager:220 - loadIPPluginJar : add dma3
2024-03-02 09:42:58,854 [INFO] IPUIPlugin:80 - create IPUIPlugin
2024-03-02 09:42:58,855 [INFO] PluginManager:220 - loadIPPluginJar : add fatfs
2024-03-02 09:42:58,858 [INFO] IPUIPlugin:80 - create IPUIPlugin
2024-03-02 09:42:58,858 [INFO] PluginManager:220 - loadIPPluginJar : add fmc
2024-03-02 09:42:58,863 [INFO] IPUIPlugin:80 - create IPUIPlugin
2024-03-02 09:42:58,864 [INFO] PluginManager:220 - loadIPPluginJar : add freertos
2024-03-02 09:42:58,864 [INFO] IPUIPlugin:80 - create IPUIPlugin
2024-03-02 09:42:58,865 [INFO] PluginManager:220 - loadIPPluginJar : add genericplugin
2024-03-02 09:42:58,866 [INFO] IPUIPlugin:80 - create IPUIPlugin
2024-03-02 09:42:58,866 [INFO] PluginManager:220 - loadIPPluginJar : add gfxmmu
2024-03-02 09:42:58,869 [INFO] IPUIPlugin:80 - create IPUIPlugin
2024-03-02 09:42:58,869 [INFO] PluginManager:220 - loadIPPluginJar : add gic
2024-03-02 09:42:58,873 [INFO] IPUIPlugin:80 - create IPUIPlugin
2024-03-02 09:42:58,873 [INFO] PluginManager:220 - loadIPPluginJar : add gpio
2024-03-02 09:42:58,875 [INFO] IPUIPlugin:80 - create IPUIPlugin
2024-03-02 09:42:58,875 [INFO] PluginManager:220 - loadIPPluginJar : add gtzc
2024-03-02 09:42:58,877 [INFO] IPUIPlugin:80 - create IPUIPlugin
2024-03-02 09:42:58,877 [INFO] PluginManager:220 - loadIPPluginJar : add hash
2024-03-02 09:42:58,879 [INFO] IPUIPlugin:80 - create IPUIPlugin
2024-03-02 09:42:58,879 [INFO] PluginManager:220 - loadIPPluginJar : add i2c
2024-03-02 09:42:58,881 [INFO] IPUIPlugin:80 - create IPUIPlugin
2024-03-02 09:42:58,881 [INFO] PluginManager:220 - loadIPPluginJar : add i2s
2024-03-02 09:42:58,883 [INFO] IPUIPlugin:80 - create IPUIPlugin
2024-03-02 09:42:58,883 [INFO] PluginManager:220 - loadIPPluginJar : add i3c
2024-03-02 09:42:58,885 [INFO] IPUIPlugin:80 - create IPUIPlugin
2024-03-02 09:42:58,885 [INFO] PluginManager:220 - loadIPPluginJar : add ipddr
2024-03-02 09:42:58,891 [INFO] IPUIPlugin:80 - create IPUIPlugin
2024-03-02 09:42:58,891 [INFO] PluginManager:220 - loadIPPluginJar : add linkedlist
2024-03-02 09:42:58,894 [INFO] IPUIPlugin:80 - create IPUIPlugin
2024-03-02 09:42:58,894 [INFO] PluginManager:220 - loadIPPluginJar : add lorawan
2024-03-02 09:42:58,895 [INFO] IPUIPlugin:80 - create IPUIPlugin
2024-03-02 09:42:58,895 [INFO] PluginManager:220 - loadIPPluginJar : add ltdc
2024-03-02 09:42:58,900 [INFO] IPUIPlugin:80 - create IPUIPlugin
2024-03-02 09:42:58,900 [INFO] PluginManager:220 - loadIPPluginJar : add mdma
2024-03-02 09:42:58,903 [INFO] IPUIPlugin:80 - create IPUIPlugin
2024-03-02 09:42:58,903 [INFO] PluginManager:220 - loadIPPluginJar : add nvic
2024-03-02 09:42:58,905 [INFO] IPUIPlugin:80 - create IPUIPlugin
2024-03-02 09:42:58,905 [INFO] PluginManager:220 - loadIPPluginJar : add opamp
2024-03-02 09:42:58,907 [INFO] IPUIPlugin:80 - create IPUIPlugin
2024-03-02 09:42:58,907 [INFO] PluginManager:220 - loadIPPluginJar : add openamp
2024-03-02 09:42:58,909 [INFO] IPUIPlugin:80 - create IPUIPlugin
2024-03-02 09:42:58,909 [INFO] PluginManager:220 - loadIPPluginJar : add pdm2pcm
2024-03-02 09:42:58,914 [INFO] IPUIPlugin:80 - create IPUIPlugin
2024-03-02 09:42:58,915 [INFO] PluginManager:220 - loadIPPluginJar : add plateformsettings
2024-03-02 09:42:58,917 [INFO] IPUIPlugin:80 - create IPUIPlugin
2024-03-02 09:42:58,917 [INFO] PluginManager:220 - loadIPPluginJar : add quadspi
2024-03-02 09:42:58,920 [INFO] IPUIPlugin:80 - create IPUIPlugin
2024-03-02 09:42:58,920 [INFO] PluginManager:220 - loadIPPluginJar : add resmgrutility
2024-03-02 09:42:58,923 [INFO] IPUIPlugin:80 - create IPUIPlugin
2024-03-02 09:42:58,923 [INFO] PluginManager:220 - loadIPPluginJar : add sai
2024-03-02 09:42:58,925 [INFO] IPUIPlugin:80 - create IPUIPlugin
2024-03-02 09:42:58,925 [INFO] PluginManager:220 - loadIPPluginJar : add spi
2024-03-02 09:42:58,929 [INFO] IPUIPlugin:80 - create IPUIPlugin
2024-03-02 09:42:58,929 [INFO] PluginManager:220 - loadIPPluginJar : add stm32_wpan
2024-03-02 09:42:58,930 [INFO] IPUIPlugin:80 - create IPUIPlugin
2024-03-02 09:42:58,930 [INFO] PluginManager:220 - loadIPPluginJar : add tim
2024-03-02 09:42:58,932 [INFO] IPUIPlugin:80 - create IPUIPlugin
2024-03-02 09:42:58,932 [INFO] PluginManager:220 - loadIPPluginJar : add touchsensing
2024-03-02 09:42:58,934 [INFO] IPUIPlugin:80 - create IPUIPlugin
2024-03-02 09:42:58,934 [INFO] PluginManager:220 - loadIPPluginJar : add tracer_emb
2024-03-02 09:42:58,935 [INFO] IPUIPlugin:80 - create IPUIPlugin
2024-03-02 09:42:58,935 [INFO] PluginManager:220 - loadIPPluginJar : add ts
2024-03-02 09:42:58,936 [INFO] IPUIPlugin:80 - create IPUIPlugin
2024-03-02 09:42:58,938 [INFO] PluginManager:220 - loadIPPluginJar : add tsc
2024-03-02 09:42:58,939 [INFO] IPUIPlugin:80 - create IPUIPlugin
2024-03-02 09:42:58,939 [INFO] PluginManager:220 - loadIPPluginJar : add ucpd
2024-03-02 09:42:58,941 [INFO] IPUIPlugin:80 - create IPUIPlugin
2024-03-02 09:42:58,941 [INFO] PluginManager:220 - loadIPPluginJar : add usart
2024-03-02 09:42:58,944 [INFO] IPUIPlugin:80 - create IPUIPlugin
2024-03-02 09:42:58,944 [INFO] PluginManager:220 - loadIPPluginJar : add usbx
2024-03-02 09:42:59,063 [INFO] CADModel:165 - CPN selected for project level
2024-03-02 09:42:59,063 [INFO] CADModel:114 - Register for checkConnection events
2024-03-02 09:42:59,063 [FATAL] Updater:308 - Updater called before beeing initialized
2024-03-02 09:42:59,063 [ERROR] CADModel:125 - Updater not yet initialized, retry later 
2024-03-02 09:42:59,187 [INFO] CADModel:165 - CPN selected for project level
2024-03-02 09:42:59,188 [INFO] CADModel:114 - Register for checkConnection events
2024-03-02 09:42:59,188 [FATAL] Updater:308 - Updater called before beeing initialized
2024-03-02 09:42:59,188 [ERROR] CADModel:125 - Updater not yet initialized, retry later 
2024-03-02 09:42:59,191 [FATAL] Updater:308 - Updater called before beeing initialized
2024-03-02 09:42:59,288 [FATAL] Updater:308 - Updater called before beeing initialized
2024-03-02 09:42:59,294 [INFO] DbMcusAds:53 - JSON generation date=Wed Nov 29 17:52:27 ICT 2023 (1701255147349)
2024-03-02 09:42:59,294 [FATAL] Updater:308 - Updater called before beeing initialized
2024-03-02 09:42:59,329 [WARN] DetailPanel:346 - Failed to get advertising image, set to default
2024-03-02 09:42:59,438 [FATAL] Updater:308 - Updater called before beeing initialized
2024-03-02 09:42:59,439 [FATAL] Updater:308 - Updater called before beeing initialized
2024-03-02 09:42:59,439 [FATAL] Updater:308 - Updater called before beeing initialized
2024-03-02 09:42:59,440 [WARN] DetailPanel:346 - Failed to get advertising image, set to default
2024-03-02 09:42:59,440 [FATAL] Updater:308 - Updater called before beeing initialized
2024-03-02 09:42:59,480 [ERROR] Updater:1120 - MainUpdater not yet initialized. External WinMGr cannot be set.
2024-03-02 09:42:59,481 [INFO] Updater:1056 - Updater Version found : 6.9.1
2024-03-02 09:42:59,499 [INFO] ApplicationProperties:184 - Using Application install path: C:\ST\STM32CubeIDE_1.13.1\STM32CubeIDE\plugins\com.st.stm32cube.common.mx_6.9.1.202307191849
2024-03-02 09:42:59,733 [ERROR] ConfigurationRetriever:142 - IOException on connection: Connect timed out
2024-03-02 09:43:01,361 [INFO] ThirdPartyUpdaterWithRetryManager:70 - Updater plugin not ready yet. [2/15]
2024-03-02 09:43:01,599 [WARN] ServerAccessManage:1168 - Warning during Server Connection :  timeout Connect timed out
2024-03-02 09:43:01,733 [ERROR] ConfigurationRetriever:142 - IOException on connection: Connect timed out
2024-03-02 09:43:02,823 [ERROR] ConfigurationRetriever:142 - IOException on connection: Connect timed out
2024-03-02 09:43:03,602 [WARN] ServerAccessManage:1168 - Warning during Server Connection :  timeout Connect timed out
2024-03-02 09:43:03,606 [INFO] MainUpdater:2868 - connection check result : 22
2024-03-02 09:43:03,607 [INFO] MainUpdater:285 - Updater Check For Update Now.
2024-03-02 09:43:03,607 [INFO] MicroXplorer:498 - Change Database Version : DB.6.0.91
2024-03-02 09:43:03,614 [INFO] McuFinderGlobals:63 - Set McuFinder mode to 2 (CubeIDE integrated)
2024-03-02 09:43:03,615 [INFO] UserAuth:179 - activating auth plugin
2024-03-02 09:43:03,641 [INFO] UserAuth:393 - Internet connection configuration mode: 2
2024-03-02 09:43:03,862 [INFO] CheckServerUpdateThread:120 - End of CheckServer Thread
2024-03-02 09:43:04,605 [WARN] PackLoader:240 - Cannot read IP mode file for STMicroelectronics.X-CUBE-SMBUS.2.1.0
2024-03-02 09:43:04,615 [WARN] PackLoader:240 - Cannot read IP mode file for STMicroelectronics.X-CUBE-TOUCHGFX.4.23.0
2024-03-02 09:43:04,661 [WARN] PackLoader:240 - Cannot read IP mode file for STMicroelectronics.X-CUBE-AZRTOS-F7.1.1.0
2024-03-02 09:43:04,679 [WARN] PackLoader:240 - Cannot read IP mode file for STMicroelectronics.FP-SNS-MOTENV1.4.3.2
2024-03-02 09:43:04,689 [WARN] PackLoader:240 - Cannot read IP mode file for STMicroelectronics.FP-SNS-FLIGHT1.5.0.1
2024-03-02 09:43:04,701 [WARN] PackLoader:240 - Cannot read IP mode file for STMicroelectronics.X-CUBE-BLE1.6.2.4
2024-03-02 09:43:04,708 [WARN] PackLoader:240 - Cannot read IP mode file for STMicroelectronics.FP-SNS-FLIGHT1.5.0.2
2024-03-02 09:43:04,722 [WARN] PackLoader:240 - Cannot read IP mode file for STMicroelectronics.X-CUBE-DISPLAY.3.0.0
2024-03-02 09:43:04,735 [WARN] PackLoader:240 - Cannot read IP mode file for STMicroelectronics.X-CUBE-BLE1.7.0.0
2024-03-02 09:43:04,743 [WARN] PackLoader:240 - Cannot read IP mode file for emotas.I-CUBE-CANOPEN.1.3.0
2024-03-02 09:43:04,748 [WARN] PackLoader:240 - Cannot read IP mode file for STMicroelectronics.X-CUBE-TOUCHGFX.4.22.0
2024-03-02 09:43:04,752 [WARN] PackLoader:240 - Cannot read IP mode file for STMicroelectronics.X-CUBE-TOUCHGFX.4.22.1
2024-03-02 09:43:04,771 [WARN] PackLoader:240 - Cannot read IP mode file for STMicroelectronics.X-CUBE-BLEMGR.3.1.0
2024-03-02 09:43:04,783 [WARN] PackLoader:240 - Cannot read IP mode file for STMicroelectronics.FP-SNS-SMARTAG2.1.2.0
2024-03-02 09:43:04,797 [INFO] LogOutputStream:77 - [STDOUT_REDIRECT] 1 : Invalid condition id : UX_CORESTACK_Condition cause : null
2024-03-02 09:43:04,799 [INFO] LogOutputStream:77 - [STDOUT_REDIRECT] 1 : Invalid condition id : UX_CORESTACK_Condition cause : null
2024-03-02 09:43:04,799 [INFO] LogOutputStream:77 - [STDOUT_REDIRECT] 1 : Invalid condition id : UX_CORESTACK_Condition cause : null
2024-03-02 09:43:04,801 [INFO] LogOutputStream:77 - [STDOUT_REDIRECT] 1 : Invalid condition id : UX_CORESTACK_Condition cause : null
2024-03-02 09:43:04,802 [INFO] LogOutputStream:77 - [STDOUT_REDIRECT] 1 : Invalid condition id : UX_CORESTACK_Condition cause : null
2024-03-02 09:43:04,809 [WARN] PackLoader:240 - Cannot read IP mode file for STMicroelectronics.X-CUBE-AZRTOS-WL.2.0.0
2024-03-02 09:43:04,822 [WARN] PackLoader:240 - Cannot read IP mode file for WES.I-CUBE-Cesium.1.3.0
2024-03-02 09:43:04,829 [WARN] PackLoader:240 - Cannot read IP mode file for STMicroelectronics.X-CUBE-BLE2.3.3.0
2024-03-02 09:43:04,840 [WARN] PackLoader:240 - Cannot read IP mode file for STMicroelectronics.X-CUBE-ALGOBUILD.1.3.0
2024-03-02 09:43:04,871 [WARN] PackLoader:240 - Cannot read IP mode file for STMicroelectronics.X-CUBE-AZRTOS-G0.1.1.0
2024-03-02 09:43:04,882 [WARN] PackLoader:240 - Cannot read IP mode file for STMicroelectronics.X-CUBE-NFC4.3.0.0
2024-03-02 09:43:04,895 [WARN] PackLoader:240 - Cannot read IP mode file for STMicroelectronics.X-CUBE-BLEMGR.3.0.0
2024-03-02 09:43:04,902 [WARN] PackLoader:240 - Cannot read IP mode file for STMicroelectronics.FP-ATR-SIGFOX1.3.2.0
2024-03-02 09:43:04,907 [WARN] PackLoader:240 - Cannot read IP mode file for STMicroelectronics.X-CUBE-EEPRMA1.5.1.0
2024-03-02 09:43:04,938 [WARN] PackLoader:240 - Cannot read IP mode file for SEGGER.I-CUBE-embOS.1.3.1
2024-03-02 09:43:04,992 [WARN] PackLoader:240 - Cannot read IP mode file for STMicroelectronics.X-CUBE-GNSS1.6.0.0
2024-03-02 09:43:05,025 [WARN] PackLoader:240 - Cannot read IP mode file for STMicroelectronics.X-CUBE-AZRTOS-F4.1.1.0
2024-03-02 09:43:05,041 [WARN] PackLoader:240 - Cannot read IP mode file for wolfSSL.I-CUBE-wolfSSL.5.6.3
2024-03-02 09:43:05,057 [WARN] PackLoader:240 - Cannot read IP mode file for STMicroelectronics.X-CUBE-AZRTOS-L5.2.0.0
2024-03-02 09:43:05,093 [WARN] PackLoader:240 - Cannot read IP mode file for STMicroelectronics.X-CUBE-MEMS1.9.6.0
2024-03-02 09:43:05,235 [WARN] PackLoader:240 - Cannot read IP mode file for STMicroelectronics.X-CUBE-EEPRMA1.4.2.0
2024-03-02 09:43:05,240 [WARN] PackLoader:240 - Cannot read IP mode file for ITTIA_DB.I-CUBE-ITTIADB.8.8.0
2024-03-02 09:43:05,247 [WARN] PackLoader:240 - Cannot read IP mode file for STMicroelectronics.X-CUBE-BLEMGR.2.0.0
2024-03-02 09:43:05,266 [WARN] ConditionMgr:438 - getConditionDescription Invalid condition id : UX DEVICE CLASS RTOS Condition cause : null
2024-03-02 09:43:05,266 [WARN] ConditionMgr:438 - getConditionDescription Invalid condition id : UX DEVICE CLASS RTOS Condition cause : null
2024-03-02 09:43:05,269 [WARN] PackLoader:240 - Cannot read IP mode file for STMicroelectronics.X-CUBE-AZRTOS-H7.3.1.0
2024-03-02 09:43:05,270 [WARN] ConditionMgr:1039 - genDependencies : Invalid condition id : UX DEVICE CLASS RTOS Condition cause : null
2024-03-02 09:43:05,270 [WARN] ConditionMgr:1039 - genDependencies : Invalid condition id : UX DEVICE CLASS RTOS Condition cause : null
2024-03-02 09:43:05,271 [WARN] ConditionMgr:1039 - genDependencies : Invalid condition id : UX DEVICE CLASS RTOS Condition cause : null
2024-03-02 09:43:05,271 [WARN] ConditionMgr:1039 - genDependencies : Invalid condition id : UX DEVICE CLASS RTOS Condition cause : null
2024-03-02 09:43:05,271 [WARN] ConditionMgr:1039 - genDependencies : Invalid condition id : UX DEVICE CLASS RTOS Condition cause : null
2024-03-02 09:43:05,277 [WARN] PackLoader:240 - Cannot read IP mode file for STMicroelectronics.X-CUBE-NFC7.1.0.1
2024-03-02 09:43:05,284 [WARN] PackLoader:240 - Cannot read IP mode file for STMicroelectronics.X-CUBE-NFC6.3.0.0
2024-03-02 09:43:05,290 [WARN] PackLoader:240 - Cannot read IP mode file for STMicroelectronics.X-CUBE-EEPRMA1.4.1.0
2024-03-02 09:43:05,295 [WARN] PackLoader:240 - Cannot read IP mode file for STMicroelectronics.X-CUBE-AI.8.1.0
2024-03-02 09:43:05,309 [WARN] ConditionMgr:438 - getConditionDescription Invalid condition id : LAN8742 Phy interface Condition cause : null
2024-03-02 09:43:05,310 [WARN] PackLoader:240 - Cannot read IP mode file for STMicroelectronics.X-CUBE-AZRTOS-L4.2.0.0
2024-03-02 09:43:05,311 [WARN] ConditionMgr:1039 - genDependencies : Invalid condition id : LAN8742 Phy interface Condition cause : null
2024-03-02 09:43:05,312 [WARN] ConditionMgr:1039 - genDependencies : Invalid condition id : LAN8742 Phy interface Condition cause : null
2024-03-02 09:43:05,312 [WARN] ConditionMgr:1039 - genDependencies : Invalid condition id : LAN8742 Phy interface Condition cause : null
2024-03-02 09:43:05,320 [WARN] PackLoader:240 - Cannot read IP mode file for STMicroelectronics.X-CUBE-SFXS2LP1.4.0.0
2024-03-02 09:43:05,326 [WARN] PackLoader:240 - Cannot read IP mode file for STMicroelectronics.X-CUBE-ISPU.1.1.0
2024-03-02 09:43:05,336 [WARN] ConditionMgr:438 - getConditionDescription Invalid condition id : UX DEVICE CLASS RTOS Condition cause : null
2024-03-02 09:43:05,336 [WARN] ConditionMgr:438 - getConditionDescription Invalid condition id : UX DEVICE CLASS RTOS Condition cause : null
2024-03-02 09:43:05,338 [WARN] PackLoader:240 - Cannot read IP mode file for STMicroelectronics.X-CUBE-AZRTOS-WB.2.0.0
2024-03-02 09:43:05,339 [WARN] ConditionMgr:1039 - genDependencies : Invalid condition id : UX DEVICE CLASS RTOS Condition cause : null
2024-03-02 09:43:05,339 [WARN] ConditionMgr:1039 - genDependencies : Invalid condition id : UX DEVICE CLASS RTOS Condition cause : null
2024-03-02 09:43:05,339 [WARN] ConditionMgr:1039 - genDependencies : Invalid condition id : UX DEVICE CLASS RTOS Condition cause : null
2024-03-02 09:43:05,339 [WARN] ConditionMgr:1039 - genDependencies : Invalid condition id : UX DEVICE CLASS RTOS Condition cause : null
2024-03-02 09:43:05,339 [WARN] ConditionMgr:1039 - genDependencies : Invalid condition id : UX DEVICE CLASS RTOS Condition cause : null
2024-03-02 09:43:05,344 [WARN] PackLoader:240 - Cannot read IP mode file for STMicroelectronics.X-CUBE-FREERTOS.1.0.1
2024-03-02 09:43:05,356 [WARN] PackLoader:240 - Cannot read IP mode file for STMicroelectronics.X-CUBE-AZRTOS-L5.1.1.0
2024-03-02 09:43:05,362 [WARN] PackLoader:240 - Cannot read IP mode file for STMicroelectronics.X-CUBE-AI.8.0.1
2024-03-02 09:43:05,369 [WARN] PackLoader:240 - Cannot read IP mode file for STMicroelectronics.X-CUBE-SUBG2.5.0.0
2024-03-02 09:43:05,391 [WARN] PackLoader:240 - Cannot read IP mode file for STMicroelectronics.X-CUBE-TOF1.3.3.1
2024-03-02 09:43:05,421 [WARN] PackLoader:240 - Cannot read IP mode file for STMicroelectronics.X-CUBE-AZRTOS-G4.2.0.0
2024-03-02 09:43:05,431 [WARN] PackLoader:240 - Cannot read IP mode file for STMicroelectronics.X-CUBE-TOF1.3.3.0
2024-03-02 09:43:05,454 [WARN] PackLoader:240 - Cannot read IP mode file for Infineon.AIROC-Wi-Fi-Bluetooth-STM32.1.5.1
2024-03-02 09:43:05,461 [WARN] PackLoader:240 - Cannot read IP mode file for STMicroelectronics.FP-SNS-MOTENVWB1.1.3.0
2024-03-02 09:43:05,464 [WARN] PackLoader:240 - Cannot read IP mode file for STMicroelectronics.FP-SNS-MOTENVWB1.1.3.1
2024-03-02 09:43:05,468 [WARN] PackLoader:240 - Cannot read IP mode file for STMicroelectronics.X-CUBE-ISPU.2.0.0
2024-03-02 09:43:05,502 [WARN] PackLoader:240 - Cannot read IP mode file for STMicroelectronics.X-CUBE-MEMS1.10.0.0
2024-03-02 09:43:05,624 [WARN] PackLoader:240 - Cannot read IP mode file for STMicroelectronics.X-CUBE-FREERTOS.1.1.0
2024-03-02 09:43:05,629 [WARN] PackLoader:240 - Cannot read IP mode file for portGmbH.I-Cube-SoM-uGOAL.1.1.0
2024-03-02 09:43:05,633 [WARN] PackLoader:240 - Cannot read IP mode file for STMicroelectronics.X-CUBE-ALS.1.0.1
2024-03-02 09:43:05,643 [WARN] PackLoader:240 - Cannot read IP mode file for STMicroelectronics.X-CUBE-AZRTOS-WB.1.1.0
2024-03-02 09:43:05,648 [WARN] PackLoader:240 - Cannot read IP mode file for STMicroelectronics.FP-ATR-ASTRA1.2.0.0
2024-03-02 09:43:05,657 [WARN] PackLoader:240 - Cannot read IP mode file for STMicroelectronics.X-CUBE-TOF1.3.4.0
2024-03-02 09:43:05,679 [WARN] PackLoader:240 - Cannot read IP mode file for STMicroelectronics.X-CUBE-AZRTOS-H7.3.2.0
2024-03-02 09:43:05,682 [INFO] ThirdParty:978 - Integrity check success = true
2024-03-02 09:43:05,682 [INFO] IntegrityCheckThread:100 - exiting critical section [integrity check]
2024-03-02 09:43:05,682 [INFO] IntegrityCheckThread:103 - End integrity checks thread
2024-03-02 09:43:07,824 [ERROR] ConfigurationRetriever:142 - IOException on connection: Connect timed out
2024-03-02 09:43:12,825 [ERROR] ConfigurationRetriever:142 - IOException on connection: Connect timed out
2024-03-02 09:43:24,372 [ERROR] LogOutputStream:75 - [STDERR_REDIRECT] SLF4J: Failed to load class "org.slf4j.impl.StaticLoggerBinder".
2024-03-02 09:43:24,373 [ERROR] LogOutputStream:75 - [STDERR_REDIRECT] SLF4J: Defaulting to no-operation (NOP) logger implementation
2024-03-02 09:43:24,374 [ERROR] LogOutputStream:75 - [STDERR_REDIRECT] SLF4J: See http://www.slf4j.org/codes.html#StaticLoggerBinder for further details.
2024-03-02 09:43:41,500 [ERROR] ConfigurationRetriever:142 - IOException on connection: Read timed out
2024-03-02 09:43:44,108 [INFO] LogOutputStream:77 - [STDOUT_REDIRECT] Unexpected error loading extension: org.eclipse.equinox.p2.metadata.repository.compositeRepository
2024-03-02 09:43:44,113 [ERROR] LogOutputStream:75 - [STDERR_REDIRECT] java.lang.NullPointerException: Cannot enter synchronized block because "this.browseFileTransferProtocolMap" is null
2024-03-02 09:43:44,115 [ERROR] LogOutputStream:75 - [STDERR_REDIRECT] 	at org.eclipse.ecf.internal.provider.filetransfer.Activator.getBrowseFileTransfer(Activator.java:633)
2024-03-02 09:43:44,120 [ERROR] LogOutputStream:75 - [STDERR_REDIRECT] 	at org.eclipse.ecf.provider.filetransfer.browse.MultiProtocolFileSystemBrowserAdapter.sendBrowseRequest(MultiProtocolFileSystemBrowserAdapter.java:81)
2024-03-02 09:43:44,123 [ERROR] LogOutputStream:75 - [STDERR_REDIRECT] 	at org.eclipse.equinox.internal.p2.transport.ecf.FileInfoReader.sendBrowseRequest(FileInfoReader.java:184)
2024-03-02 09:43:44,125 [ERROR] LogOutputStream:75 - [STDERR_REDIRECT] 	at org.eclipse.equinox.internal.p2.transport.ecf.FileInfoReader.getRemoteFiles(FileInfoReader.java:109)
2024-03-02 09:43:44,129 [ERROR] LogOutputStream:75 - [STDERR_REDIRECT] 	at org.eclipse.equinox.internal.p2.transport.ecf.FileInfoReader.getRemoteFile(FileInfoReader.java:125)
2024-03-02 09:43:44,132 [ERROR] LogOutputStream:75 - [STDERR_REDIRECT] 	at org.eclipse.equinox.internal.p2.transport.ecf.FileInfoReader.getLastModified(FileInfoReader.java:130)
2024-03-02 09:43:44,134 [ERROR] LogOutputStream:75 - [STDERR_REDIRECT] 	at org.eclipse.equinox.internal.p2.transport.ecf.RepositoryTransport.getLastModified(RepositoryTransport.java:244)
2024-03-02 09:43:44,137 [ERROR] LogOutputStream:75 - [STDERR_REDIRECT] 	at org.eclipse.equinox.internal.p2.repository.CacheManager.getLastModified(CacheManager.java:289)
2024-03-02 09:43:44,139 [ERROR] LogOutputStream:75 - [STDERR_REDIRECT] 	at org.eclipse.equinox.internal.p2.repository.CacheManager.createCache(CacheManager.java:234)
2024-03-02 09:43:44,143 [ERROR] LogOutputStream:75 - [STDERR_REDIRECT] 	at org.eclipse.equinox.internal.p2.metadata.repository.CompositeMetadataRepositoryFactory.getLocalFile(CompositeMetadataRepositoryFactory.java:77)
2024-03-02 09:43:44,147 [ERROR] LogOutputStream:75 - [STDERR_REDIRECT] 	at org.eclipse.equinox.internal.p2.metadata.repository.CompositeMetadataRepositoryFactory.load(CompositeMetadataRepositoryFactory.java:100)
2024-03-02 09:43:44,150 [ERROR] LogOutputStream:75 - [STDERR_REDIRECT] 	at org.eclipse.equinox.internal.p2.metadata.repository.MetadataRepositoryManager.factoryLoad(MetadataRepositoryManager.java:63)
2024-03-02 09:43:44,154 [ERROR] LogOutputStream:75 - [STDERR_REDIRECT] 	at org.eclipse.equinox.internal.p2.repository.helpers.AbstractRepositoryManager.loadRepository(AbstractRepositoryManager.java:787)
2024-03-02 09:43:44,159 [ERROR] LogOutputStream:75 - [STDERR_REDIRECT] 	at org.eclipse.equinox.internal.p2.repository.helpers.AbstractRepositoryManager.loadRepository(AbstractRepositoryManager.java:685)
