2024-02-11 12:38:34,437 [INFO] Activator:176 - 


2024-02-11 12:38:34,437 [INFO] Activator:177 - !SESSION log4j initialized
2024-02-11 12:38:36,860 [INFO] LogOutputStream:77 - [STDOUT_REDIRECT] 
2024-02-11 12:38:38,328 [INFO] ApplicationProperties:184 - Using Application install path: C:\ST\STM32CubeIDE_1.13.1\STM32CubeIDE\plugins\com.st.stm32cube.common.mx_6.9.1.202307191849
2024-02-11 12:38:38,341 [INFO] DbMcusXml:78 - Set database path to: C:\ST\STM32CubeIDE_1.13.1\STM32CubeIDE\plugins\com.st.stm32cube.common.mx_6.9.1.202307191849\\db\/mcu/
2024-02-11 12:38:38,341 [INFO] ApiDb:274 - Set plugin database path to: C:\ST\STM32CubeIDE_1.13.1\STM32CubeIDE\plugins\com.st.stm32cube.common.mx_6.9.1.202307191849\\db\/plugins/boardmanager/
2024-02-11 12:38:38,342 [WARN] ApiDb:259 - Overriding images path with different value:  => C:\ST\STM32CubeIDE_1.13.1\STM32CubeIDE\plugins\com.st.stm32cube.common.mx_6.9.1.202307191849\\db\/plugins/mcufinder/images/
2024-02-11 12:38:38,348 [INFO] ApiDb:250 - Set database path to: C:\Users\admin\.stmcufinder\plugins\mcufinder//mcu/
2024-02-11 12:38:38,349 [INFO] DbMcusAds:125 - Set database path to: C:\Users\admin\.stmcufinder\plugins\mcufinder//mcu/
2024-02-11 12:38:38,351 [INFO] CrossReferenceDbSqlite:203 - Set database path to: C:\Users\admin\.stmcufinder\plugins\mcufinder//mcu/cs/
2024-02-11 12:38:38,433 [INFO] RulesReader:64 - Compatibility file has been processed (293 Rules)
2024-02-11 12:38:38,485 [INFO] DbMcusXml:78 - Set database path to: C:\ST\STM32CubeIDE_1.13.1\STM32CubeIDE\plugins\com.st.stm32cube.common.mx_6.9.1.202307191849\\db\/mcu/
2024-02-11 12:38:38,486 [INFO] ApiDb:274 - Set plugin database path to: C:\ST\STM32CubeIDE_1.13.1\STM32CubeIDE\plugins\com.st.stm32cube.common.mx_6.9.1.202307191849\\db\/plugins/boardmanager/
2024-02-11 12:38:38,486 [INFO] ApiDb:261 - Set plugin images path to: C:\ST\STM32CubeIDE_1.13.1\STM32CubeIDE\plugins\com.st.stm32cube.common.mx_6.9.1.202307191849\\db\/plugins/mcufinder/images/
2024-02-11 12:38:38,486 [WARN] DbFile:41 - Overriding database path with different value: C:\Users\admin\.stmcufinder\plugins\mcufinder/ => C:\Users\admin\.stmcufinder\plugins\mcufinder
2024-02-11 12:38:38,486 [INFO] ApiDb:250 - Set database path to: C:\Users\admin\.stmcufinder\plugins\mcufinder//mcu/
2024-02-11 12:38:38,486 [WARN] DbFile:41 - Overriding database path with different value: C:\Users\admin\.stmcufinder\plugins\mcufinder/ => C:\Users\admin\.stmcufinder\plugins\mcufinder
2024-02-11 12:38:38,486 [INFO] DbMcusAds:125 - Set database path to: C:\Users\admin\.stmcufinder\plugins\mcufinder//mcu/
2024-02-11 12:38:38,486 [WARN] DbFile:41 - Overriding database path with different value: C:\Users\admin\.stmcufinder\plugins\mcufinder/ => C:\Users\admin\.stmcufinder\plugins\mcufinder
2024-02-11 12:38:38,486 [WARN] DbFile:41 - Overriding database path with different value: C:\Users\admin\.stmcufinder\plugins\mcufinder/ => C:\Users\admin\.stmcufinder\plugins\mcufinder
2024-02-11 12:38:38,486 [INFO] CrossReferenceDbSqlite:203 - Set database path to: C:\Users\admin\.stmcufinder\plugins\mcufinder//mcu/cs/
2024-02-11 12:38:38,538 [INFO] MainPanel:262 - HeapMemory: 268435456
2024-02-11 12:38:38,588 [INFO] DbMcusXml:78 - Set database path to: C:\ST\STM32CubeIDE_1.13.1\STM32CubeIDE\plugins\com.st.stm32cube.common.mx_6.9.1.202307191849\\db\/mcu/
2024-02-11 12:38:38,588 [INFO] ApiDb:274 - Set plugin database path to: C:\ST\STM32CubeIDE_1.13.1\STM32CubeIDE\plugins\com.st.stm32cube.common.mx_6.9.1.202307191849\\db\/plugins/boardmanager/
2024-02-11 12:38:38,588 [INFO] ApiDb:261 - Set plugin images path to: C:\ST\STM32CubeIDE_1.13.1\STM32CubeIDE\plugins\com.st.stm32cube.common.mx_6.9.1.202307191849\\db\/plugins/mcufinder/images/
2024-02-11 12:38:38,589 [WARN] DbFile:41 - Overriding database path with different value: C:\Users\admin\.stmcufinder\plugins\mcufinder/ => C:\Users\admin\.stmcufinder\plugins\mcufinder
2024-02-11 12:38:38,589 [INFO] ApiDb:250 - Set database path to: C:\Users\admin\.stmcufinder\plugins\mcufinder//mcu/
2024-02-11 12:38:38,589 [WARN] DbFile:41 - Overriding database path with different value: C:\Users\admin\.stmcufinder\plugins\mcufinder/ => C:\Users\admin\.stmcufinder\plugins\mcufinder
2024-02-11 12:38:38,589 [INFO] DbMcusAds:125 - Set database path to: C:\Users\admin\.stmcufinder\plugins\mcufinder//mcu/
2024-02-11 12:38:38,589 [WARN] DbFile:41 - Overriding database path with different value: C:\Users\admin\.stmcufinder\plugins\mcufinder/ => C:\Users\admin\.stmcufinder\plugins\mcufinder
2024-02-11 12:38:38,589 [WARN] DbFile:41 - Overriding database path with different value: C:\Users\admin\.stmcufinder\plugins\mcufinder/ => C:\Users\admin\.stmcufinder\plugins\mcufinder
2024-02-11 12:38:38,589 [INFO] CrossReferenceDbSqlite:203 - Set database path to: C:\Users\admin\.stmcufinder\plugins\mcufinder//mcu/cs/
2024-02-11 12:38:38,601 [INFO] ApplicationProperties:184 - Using Application install path: C:\ST\STM32CubeIDE_1.13.1\STM32CubeIDE\plugins\com.st.stm32cube.common.mx_6.9.1.202307191849
2024-02-11 12:38:38,602 [INFO] PluginManage:196 - Search for loadable plugins [exclusion list=, ]
2024-02-11 12:38:38,603 [INFO] PluginManage:310 - Check plugin analytics
2024-02-11 12:38:38,707 [INFO] AnalyticsPlugin:253 - Accepted Software Licenses: STM32CubeMX.6.8.1
2024-02-11 12:38:38,707 [INFO] AnalyticsPlugin:255 - Accepted CMSIS Pack Licenses: 
2024-02-11 12:38:38,707 [INFO] AnalyticsPlugin:257 - Accepted Firmware Licenses: FW.F4.1.27.0
2024-02-11 12:38:38,710 [INFO] PluginManage:359 - Loaded plugin analytics (category:tool,tabindex:-1)
2024-02-11 12:38:38,710 [INFO] PluginManage:310 - Check plugin cadmodel
2024-02-11 12:38:38,713 [INFO] CADModel:105 - Init CAD model plugin
2024-02-11 12:38:38,713 [INFO] PluginManage:359 - Loaded plugin cadmodel (category:power,tabindex:5)
2024-02-11 12:38:38,713 [INFO] PluginManage:310 - Check plugin clock
2024-02-11 12:38:38,719 [INFO] PluginManage:359 - Loaded plugin clock (category:base,tabindex:2)
2024-02-11 12:38:38,719 [INFO] PluginManage:310 - Check plugin ddr
2024-02-11 12:38:38,720 [INFO] PluginManage:359 - Loaded plugin ddr (category:tool,tabindex:6)
2024-02-11 12:38:38,720 [INFO] PluginManage:310 - Check plugin filemanager
2024-02-11 12:38:38,802 [INFO] PluginManage:359 - Loaded plugin filemanager (category:base,tabindex:10)
2024-02-11 12:38:38,803 [INFO] PluginManage:310 - Check plugin ipmanager
2024-02-11 12:38:38,806 [INFO] PluginManage:359 - Loaded plugin ipmanager (category:base,tabindex:5)
2024-02-11 12:38:38,807 [INFO] PluginManage:310 - Check plugin lpbam
2024-02-11 12:38:38,812 [INFO] PluginManage:359 - Loaded plugin lpbam (category:base,tabindex:0)
2024-02-11 12:38:38,812 [INFO] PluginManage:310 - Check plugin memorymap
2024-02-11 12:38:38,820 [INFO] PluginManage:359 - Loaded plugin memorymap (category:base,tabindex:4)
2024-02-11 12:38:38,820 [INFO] PluginManage:310 - Check plugin pinoutandconfiguration
2024-02-11 12:38:38,824 [INFO] PluginManage:359 - Loaded plugin pinoutandconfiguration (category:base,tabindex:1)
2024-02-11 12:38:38,824 [INFO] PluginManage:310 - Check plugin pinoutconfig
2024-02-11 12:38:38,880 [WARN] SupportedApi:132 - Cannot load RTOS API schema: s4s-elt-must-match.1: The content of 'definitions' must match (annotation?, (simpleType | complexType)?, (unique | key | keyref)*)). A problem was found starting at: attribute.
2024-02-11 12:38:38,992 [INFO] PluginManage:359 - Loaded plugin pinoutconfig (category:base,tabindex:0)
2024-02-11 12:38:38,992 [INFO] PluginManage:310 - Check plugin power
2024-02-11 12:38:38,997 [INFO] PluginManage:359 - Loaded plugin power (category:power,tabindex:4)
2024-02-11 12:38:38,998 [INFO] PluginManage:310 - Check plugin projectmanager
2024-02-11 12:38:39,007 [INFO] PluginManage:359 - Loaded plugin projectmanager (category:projectmanager,tabindex:3)
2024-02-11 12:38:39,007 [INFO] PluginManage:310 - Check plugin thirdparty
2024-02-11 12:38:39,086 [INFO] PluginManage:359 - Loaded plugin thirdparty (category:base,tabindex:-1)
2024-02-11 12:38:39,086 [INFO] PluginManage:310 - Check plugin tools
2024-02-11 12:38:39,086 [WARN] IntegrityCheckThread:84 - waiting for thirdparty lock release [integrity check]
2024-02-11 12:38:39,086 [INFO] IntegrityCheckThread:86 - entering critical section [integrity check]
2024-02-11 12:38:39,086 [INFO] ThirdPartyUpdaterWithRetryManager:70 - Updater plugin not ready yet. [1/15]
2024-02-11 12:38:39,087 [INFO] PluginManage:359 - Loaded plugin tools (category:base,tabindex:7)
2024-02-11 12:38:39,087 [INFO] PluginManage:310 - Check plugin tutovideos
2024-02-11 12:38:39,198 [INFO] PluginManage:359 - Loaded plugin tutovideos (category:base,tabindex:-1)
2024-02-11 12:38:39,199 [INFO] PluginManage:310 - Check plugin updater
2024-02-11 12:38:39,205 [INFO] PluginManage:359 - Loaded plugin updater (category:base,tabindex:12)
2024-02-11 12:38:39,207 [INFO] PluginManage:310 - Check plugin userauth
2024-02-11 12:38:39,210 [INFO] UserAuth:113 - Init User Auth plugin
2024-02-11 12:38:39,210 [INFO] PluginManage:359 - Loaded plugin userauth (category:base,tabindex:14)
2024-02-11 12:38:39,210 [INFO] PluginManage:283 - PluginManage : Loaded plugins [17]
2024-02-11 12:38:39,357 [INFO] PinOutPanel:1499 - setPackage(No Configuration,No Configuration)
2024-02-11 12:38:39,432 [INFO] CADModel:165 - CPN selected for project level
2024-02-11 12:38:39,432 [INFO] CADModel:114 - Register for checkConnection events
2024-02-11 12:38:39,444 [INFO] IPUIPlugin:80 - create IPUIPlugin
2024-02-11 12:38:39,444 [INFO] PluginManager:220 - loadIPPluginJar : add adc
2024-02-11 12:38:39,448 [INFO] IPUIPlugin:80 - create IPUIPlugin
2024-02-11 12:38:39,448 [INFO] PluginManager:220 - loadIPPluginJar : add aes
2024-02-11 12:38:39,449 [INFO] IPUIPlugin:80 - create IPUIPlugin
2024-02-11 12:38:39,449 [INFO] PluginManager:220 - loadIPPluginJar : add can
2024-02-11 12:38:39,450 [INFO] IPUIPlugin:80 - create IPUIPlugin
2024-02-11 12:38:39,450 [INFO] PluginManager:220 - loadIPPluginJar : add comp
2024-02-11 12:38:39,452 [INFO] IPUIPlugin:80 - create IPUIPlugin
2024-02-11 12:38:39,452 [INFO] PluginManager:220 - loadIPPluginJar : add cryp
2024-02-11 12:38:39,453 [INFO] IPUIPlugin:80 - create IPUIPlugin
2024-02-11 12:38:39,453 [INFO] PluginManager:220 - loadIPPluginJar : add dfsdm
2024-02-11 12:38:39,456 [INFO] IPUIPlugin:80 - create IPUIPlugin
2024-02-11 12:38:39,457 [INFO] PluginManager:220 - loadIPPluginJar : add dma
2024-02-11 12:38:39,458 [INFO] IPUIPlugin:80 - create IPUIPlugin
2024-02-11 12:38:39,458 [INFO] PluginManager:220 - loadIPPluginJar : add dma3
2024-02-11 12:38:39,459 [INFO] IPUIPlugin:80 - create IPUIPlugin
2024-02-11 12:38:39,459 [INFO] PluginManager:220 - loadIPPluginJar : add fatfs
2024-02-11 12:38:39,462 [INFO] IPUIPlugin:80 - create IPUIPlugin
2024-02-11 12:38:39,462 [INFO] PluginManager:220 - loadIPPluginJar : add fmc
2024-02-11 12:38:39,465 [INFO] IPUIPlugin:80 - create IPUIPlugin
2024-02-11 12:38:39,465 [INFO] PluginManager:220 - loadIPPluginJar : add freertos
2024-02-11 12:38:39,466 [INFO] IPUIPlugin:80 - create IPUIPlugin
2024-02-11 12:38:39,466 [INFO] PluginManager:220 - loadIPPluginJar : add genericplugin
2024-02-11 12:38:39,467 [INFO] IPUIPlugin:80 - create IPUIPlugin
2024-02-11 12:38:39,467 [INFO] PluginManager:220 - loadIPPluginJar : add gfxmmu
2024-02-11 12:38:39,470 [INFO] IPUIPlugin:80 - create IPUIPlugin
2024-02-11 12:38:39,470 [INFO] PluginManager:220 - loadIPPluginJar : add gic
2024-02-11 12:38:39,473 [INFO] IPUIPlugin:80 - create IPUIPlugin
2024-02-11 12:38:39,473 [INFO] PluginManager:220 - loadIPPluginJar : add gpio
2024-02-11 12:38:39,474 [INFO] IPUIPlugin:80 - create IPUIPlugin
2024-02-11 12:38:39,474 [INFO] PluginManager:220 - loadIPPluginJar : add gtzc
2024-02-11 12:38:39,475 [INFO] IPUIPlugin:80 - create IPUIPlugin
2024-02-11 12:38:39,475 [INFO] PluginManager:220 - loadIPPluginJar : add hash
2024-02-11 12:38:39,477 [INFO] IPUIPlugin:80 - create IPUIPlugin
2024-02-11 12:38:39,477 [INFO] PluginManager:220 - loadIPPluginJar : add i2c
2024-02-11 12:38:39,479 [INFO] IPUIPlugin:80 - create IPUIPlugin
2024-02-11 12:38:39,479 [INFO] PluginManager:220 - loadIPPluginJar : add i2s
2024-02-11 12:38:39,480 [INFO] IPUIPlugin:80 - create IPUIPlugin
2024-02-11 12:38:39,480 [INFO] PluginManager:220 - loadIPPluginJar : add i3c
2024-02-11 12:38:39,484 [INFO] IPUIPlugin:80 - create IPUIPlugin
2024-02-11 12:38:39,484 [INFO] PluginManager:220 - loadIPPluginJar : add ipddr
2024-02-11 12:38:39,489 [INFO] IPUIPlugin:80 - create IPUIPlugin
2024-02-11 12:38:39,489 [INFO] PluginManager:220 - loadIPPluginJar : add linkedlist
2024-02-11 12:38:39,490 [INFO] IPUIPlugin:80 - create IPUIPlugin
2024-02-11 12:38:39,490 [INFO] PluginManager:220 - loadIPPluginJar : add lorawan
2024-02-11 12:38:39,490 [INFO] IPUIPlugin:80 - create IPUIPlugin
2024-02-11 12:38:39,490 [INFO] PluginManager:220 - loadIPPluginJar : add ltdc
2024-02-11 12:38:39,494 [INFO] IPUIPlugin:80 - create IPUIPlugin
2024-02-11 12:38:39,495 [INFO] PluginManager:220 - loadIPPluginJar : add mdma
2024-02-11 12:38:39,497 [INFO] IPUIPlugin:80 - create IPUIPlugin
2024-02-11 12:38:39,497 [INFO] PluginManager:220 - loadIPPluginJar : add nvic
2024-02-11 12:38:39,498 [INFO] IPUIPlugin:80 - create IPUIPlugin
2024-02-11 12:38:39,498 [INFO] PluginManager:220 - loadIPPluginJar : add opamp
2024-02-11 12:38:39,500 [INFO] IPUIPlugin:80 - create IPUIPlugin
2024-02-11 12:38:39,500 [INFO] PluginManager:220 - loadIPPluginJar : add openamp
2024-02-11 12:38:39,502 [INFO] IPUIPlugin:80 - create IPUIPlugin
2024-02-11 12:38:39,502 [INFO] PluginManager:220 - loadIPPluginJar : add pdm2pcm
2024-02-11 12:38:39,506 [INFO] IPUIPlugin:80 - create IPUIPlugin
2024-02-11 12:38:39,508 [INFO] PluginManager:220 - loadIPPluginJar : add plateformsettings
2024-02-11 12:38:39,509 [INFO] IPUIPlugin:80 - create IPUIPlugin
2024-02-11 12:38:39,509 [INFO] PluginManager:220 - loadIPPluginJar : add quadspi
2024-02-11 12:38:39,510 [INFO] IPUIPlugin:80 - create IPUIPlugin
2024-02-11 12:38:39,510 [INFO] PluginManager:220 - loadIPPluginJar : add resmgrutility
2024-02-11 12:38:39,513 [INFO] IPUIPlugin:80 - create IPUIPlugin
2024-02-11 12:38:39,513 [INFO] PluginManager:220 - loadIPPluginJar : add sai
2024-02-11 12:38:39,514 [INFO] IPUIPlugin:80 - create IPUIPlugin
2024-02-11 12:38:39,514 [INFO] PluginManager:220 - loadIPPluginJar : add spi
2024-02-11 12:38:39,517 [INFO] IPUIPlugin:80 - create IPUIPlugin
2024-02-11 12:38:39,518 [INFO] PluginManager:220 - loadIPPluginJar : add stm32_wpan
2024-02-11 12:38:39,518 [INFO] IPUIPlugin:80 - create IPUIPlugin
2024-02-11 12:38:39,519 [INFO] PluginManager:220 - loadIPPluginJar : add tim
2024-02-11 12:38:39,520 [INFO] IPUIPlugin:80 - create IPUIPlugin
2024-02-11 12:38:39,520 [INFO] PluginManager:220 - loadIPPluginJar : add touchsensing
2024-02-11 12:38:39,521 [INFO] IPUIPlugin:80 - create IPUIPlugin
2024-02-11 12:38:39,521 [INFO] PluginManager:220 - loadIPPluginJar : add tracer_emb
2024-02-11 12:38:39,522 [INFO] IPUIPlugin:80 - create IPUIPlugin
2024-02-11 12:38:39,522 [INFO] PluginManager:220 - loadIPPluginJar : add ts
2024-02-11 12:38:39,523 [INFO] IPUIPlugin:80 - create IPUIPlugin
2024-02-11 12:38:39,523 [INFO] PluginManager:220 - loadIPPluginJar : add tsc
2024-02-11 12:38:39,524 [INFO] IPUIPlugin:80 - create IPUIPlugin
2024-02-11 12:38:39,524 [INFO] PluginManager:220 - loadIPPluginJar : add ucpd
2024-02-11 12:38:39,526 [INFO] IPUIPlugin:80 - create IPUIPlugin
2024-02-11 12:38:39,526 [INFO] PluginManager:220 - loadIPPluginJar : add usart
2024-02-11 12:38:39,528 [INFO] IPUIPlugin:80 - create IPUIPlugin
2024-02-11 12:38:39,528 [INFO] PluginManager:220 - loadIPPluginJar : add usbx
2024-02-11 12:38:39,638 [INFO] CADModel:165 - CPN selected for project level
2024-02-11 12:38:39,640 [INFO] CADModel:114 - Register for checkConnection events
2024-02-11 12:38:39,640 [FATAL] Updater:308 - Updater called before beeing initialized
2024-02-11 12:38:39,640 [ERROR] CADModel:125 - Updater not yet initialized, retry later 
2024-02-11 12:38:39,739 [INFO] CADModel:165 - CPN selected for project level
2024-02-11 12:38:39,739 [INFO] CADModel:114 - Register for checkConnection events
2024-02-11 12:38:39,739 [FATAL] Updater:308 - Updater called before beeing initialized
2024-02-11 12:38:39,739 [ERROR] CADModel:125 - Updater not yet initialized, retry later 
2024-02-11 12:38:39,741 [FATAL] Updater:308 - Updater called before beeing initialized
2024-02-11 12:38:39,813 [FATAL] Updater:308 - Updater called before beeing initialized
2024-02-11 12:38:39,818 [INFO] DbMcusAds:53 - JSON generation date=Wed Nov 29 17:52:27 ICT 2023 (1701255147200)
2024-02-11 12:38:39,818 [FATAL] Updater:308 - Updater called before beeing initialized
2024-02-11 12:38:39,846 [WARN] DetailPanel:346 - Failed to get advertising image, set to default
2024-02-11 12:38:39,924 [FATAL] Updater:308 - Updater called before beeing initialized
2024-02-11 12:38:39,926 [FATAL] Updater:308 - Updater called before beeing initialized
2024-02-11 12:38:39,926 [FATAL] Updater:308 - Updater called before beeing initialized
2024-02-11 12:38:39,926 [WARN] DetailPanel:346 - Failed to get advertising image, set to default
2024-02-11 12:38:39,926 [FATAL] Updater:308 - Updater called before beeing initialized
2024-02-11 12:38:39,957 [ERROR] Updater:1120 - MainUpdater not yet initialized. External WinMGr cannot be set.
2024-02-11 12:38:39,958 [INFO] Updater:1056 - Updater Version found : 6.9.1
2024-02-11 12:38:39,970 [INFO] ApplicationProperties:184 - Using Application install path: C:\ST\STM32CubeIDE_1.13.1\STM32CubeIDE\plugins\com.st.stm32cube.common.mx_6.9.1.202307191849
2024-02-11 12:38:40,306 [INFO] MainUpdater:2868 - connection check result : 10
2024-02-11 12:38:40,306 [INFO] MainUpdater:285 - Updater Check For Update Now.
2024-02-11 12:38:40,306 [INFO] MicroXplorer:498 - Change Database Version : DB.6.0.91
2024-02-11 12:38:40,310 [INFO] McuFinderGlobals:63 - Set McuFinder mode to 2 (CubeIDE integrated)
2024-02-11 12:38:40,310 [INFO] UserAuth:179 - activating auth plugin
2024-02-11 12:38:40,313 [INFO] UserAuth:393 - Internet connection configuration mode: 1
2024-02-11 12:38:40,324 [INFO] JxBrowserEngine:151 - Initiate JxBrowser Engine with user profile folder
2024-02-11 12:38:40,459 [INFO] CheckServerUpdateThread:120 - End of CheckServer Thread
2024-02-11 12:38:40,790 [INFO] WebApp:157 - Instantiating new browser for Auth
2024-02-11 12:38:41,172 [INFO] WebApp:753 - Register for checkConnection events
2024-02-11 12:38:41,172 [INFO] WebApp:390 - Apply proxy settings
2024-02-11 12:38:41,173 [INFO] WebApp:475 - Chromium requires no authentication
2024-02-11 12:38:41,176 [INFO] WebApp:418 - Direct internet connection detected
2024-02-11 12:38:41,285 [INFO] WebApp:188 - Starting web application
2024-02-11 12:38:41,285 [INFO] WebApp:520 - Web application path used C:\ST\STM32CubeIDE_1.13.1\STM32CubeIDE\plugins\com.st.stm32cube.common.mx_6.9.1.202307191849\db\plugins\mcufinder\reactClient1\index.html
2024-02-11 12:38:42,196 [WARN] PackLoader:240 - Cannot read IP mode file for STMicroelectronics.X-CUBE-SMBUS.2.1.0
2024-02-11 12:38:42,200 [WARN] PackLoader:240 - Cannot read IP mode file for STMicroelectronics.X-CUBE-TOUCHGFX.4.23.0
2024-02-11 12:38:42,222 [WARN] PackLoader:240 - Cannot read IP mode file for STMicroelectronics.X-CUBE-AZRTOS-F7.1.1.0
2024-02-11 12:38:42,230 [WARN] PackLoader:240 - Cannot read IP mode file for STMicroelectronics.FP-SNS-MOTENV1.4.3.2
2024-02-11 12:38:42,236 [WARN] PackLoader:240 - Cannot read IP mode file for STMicroelectronics.FP-SNS-FLIGHT1.5.0.1
2024-02-11 12:38:42,241 [WARN] PackLoader:240 - Cannot read IP mode file for STMicroelectronics.X-CUBE-BLE1.6.2.4
2024-02-11 12:38:42,245 [WARN] PackLoader:240 - Cannot read IP mode file for STMicroelectronics.FP-SNS-FLIGHT1.5.0.2
2024-02-11 12:38:42,252 [WARN] PackLoader:240 - Cannot read IP mode file for STMicroelectronics.X-CUBE-DISPLAY.3.0.0
2024-02-11 12:38:42,260 [WARN] PackLoader:240 - Cannot read IP mode file for STMicroelectronics.X-CUBE-BLE1.7.0.0
2024-02-11 12:38:42,265 [WARN] PackLoader:240 - Cannot read IP mode file for emotas.I-CUBE-CANOPEN.1.3.0
2024-02-11 12:38:42,268 [WARN] PackLoader:240 - Cannot read IP mode file for STMicroelectronics.X-CUBE-TOUCHGFX.4.22.0
2024-02-11 12:38:42,269 [WARN] PackLoader:240 - Cannot read IP mode file for STMicroelectronics.X-CUBE-TOUCHGFX.4.22.1
2024-02-11 12:38:42,273 [WARN] PackLoader:240 - Cannot read IP mode file for STMicroelectronics.FP-SNS-SMARTAG2.1.2.0
2024-02-11 12:38:42,282 [INFO] LogOutputStream:77 - [STDOUT_REDIRECT] 1 : Invalid condition id : UX_CORESTACK_Condition cause : null
2024-02-11 12:38:42,283 [INFO] LogOutputStream:77 - [STDOUT_REDIRECT] 1 : Invalid condition id : UX_CORESTACK_Condition cause : null
2024-02-11 12:38:42,283 [INFO] LogOutputStream:77 - [STDOUT_REDIRECT] 1 : Invalid condition id : UX_CORESTACK_Condition cause : null
2024-02-11 12:38:42,284 [INFO] LogOutputStream:77 - [STDOUT_REDIRECT] 1 : Invalid condition id : UX_CORESTACK_Condition cause : null
2024-02-11 12:38:42,285 [INFO] LogOutputStream:77 - [STDOUT_REDIRECT] 1 : Invalid condition id : UX_CORESTACK_Condition cause : null
2024-02-11 12:38:42,289 [WARN] PackLoader:240 - Cannot read IP mode file for STMicroelectronics.X-CUBE-AZRTOS-WL.2.0.0
2024-02-11 12:38:42,298 [WARN] PackLoader:240 - Cannot read IP mode file for WES.I-CUBE-Cesium.1.3.0
2024-02-11 12:38:42,317 [WARN] PackLoader:240 - Cannot read IP mode file for STMicroelectronics.X-CUBE-BLE2.3.3.0
2024-02-11 12:38:42,341 [WARN] PackLoader:240 - Cannot read IP mode file for STMicroelectronics.X-CUBE-ALGOBUILD.1.3.0
2024-02-11 12:38:42,394 [WARN] PackLoader:240 - Cannot read IP mode file for STMicroelectronics.X-CUBE-AZRTOS-G0.1.1.0
2024-02-11 12:38:42,403 [WARN] PackLoader:240 - Cannot read IP mode file for STMicroelectronics.X-CUBE-NFC4.3.0.0
2024-02-11 12:38:42,430 [WARN] PackLoader:240 - Cannot read IP mode file for STMicroelectronics.X-CUBE-BLEMGR.3.0.0
2024-02-11 12:38:42,439 [WARN] PackLoader:240 - Cannot read IP mode file for STMicroelectronics.FP-ATR-SIGFOX1.3.2.0
2024-02-11 12:38:42,447 [WARN] PackLoader:240 - Cannot read IP mode file for STMicroelectronics.X-CUBE-EEPRMA1.5.1.0
2024-02-11 12:38:42,510 [WARN] PackLoader:240 - Cannot read IP mode file for SEGGER.I-CUBE-embOS.1.3.1
2024-02-11 12:38:42,558 [WARN] PackLoader:240 - Cannot read IP mode file for STMicroelectronics.X-CUBE-GNSS1.6.0.0
2024-02-11 12:38:42,572 [WARN] PackLoader:240 - Cannot read IP mode file for STMicroelectronics.X-CUBE-AZRTOS-F4.1.1.0
2024-02-11 12:38:42,579 [WARN] PackLoader:240 - Cannot read IP mode file for wolfSSL.I-CUBE-wolfSSL.5.6.3
2024-02-11 12:38:42,594 [WARN] PackLoader:240 - Cannot read IP mode file for STMicroelectronics.X-CUBE-AZRTOS-L5.2.0.0
2024-02-11 12:38:42,645 [WARN] PackLoader:240 - Cannot read IP mode file for STMicroelectronics.X-CUBE-MEMS1.9.6.0
2024-02-11 12:38:42,800 [WARN] PackLoader:240 - Cannot read IP mode file for STMicroelectronics.X-CUBE-EEPRMA1.4.2.0
2024-02-11 12:38:42,807 [WARN] PackLoader:240 - Cannot read IP mode file for ITTIA_DB.I-CUBE-ITTIADB.8.8.0
2024-02-11 12:38:42,813 [WARN] PackLoader:240 - Cannot read IP mode file for STMicroelectronics.X-CUBE-BLEMGR.2.0.0
2024-02-11 12:38:42,830 [WARN] ConditionMgr:438 - getConditionDescription Invalid condition id : UX DEVICE CLASS RTOS Condition cause : null
2024-02-11 12:38:42,830 [WARN] ConditionMgr:438 - getConditionDescription Invalid condition id : UX DEVICE CLASS RTOS Condition cause : null
2024-02-11 12:38:42,836 [WARN] PackLoader:240 - Cannot read IP mode file for STMicroelectronics.X-CUBE-AZRTOS-H7.3.1.0
2024-02-11 12:38:42,838 [WARN] ConditionMgr:1039 - genDependencies : Invalid condition id : UX DEVICE CLASS RTOS Condition cause : null
2024-02-11 12:38:42,838 [WARN] ConditionMgr:1039 - genDependencies : Invalid condition id : UX DEVICE CLASS RTOS Condition cause : null
2024-02-11 12:38:42,839 [WARN] ConditionMgr:1039 - genDependencies : Invalid condition id : UX DEVICE CLASS RTOS Condition cause : null
2024-02-11 12:38:42,840 [WARN] ConditionMgr:1039 - genDependencies : Invalid condition id : UX DEVICE CLASS RTOS Condition cause : null
2024-02-11 12:38:42,840 [WARN] ConditionMgr:1039 - genDependencies : Invalid condition id : UX DEVICE CLASS RTOS Condition cause : null
2024-02-11 12:38:42,848 [WARN] PackLoader:240 - Cannot read IP mode file for STMicroelectronics.X-CUBE-NFC7.1.0.1
2024-02-11 12:38:42,857 [WARN] PackLoader:240 - Cannot read IP mode file for STMicroelectronics.X-CUBE-NFC6.3.0.0
2024-02-11 12:38:42,866 [WARN] PackLoader:240 - Cannot read IP mode file for STMicroelectronics.X-CUBE-EEPRMA1.4.1.0
2024-02-11 12:38:42,872 [WARN] PackLoader:240 - Cannot read IP mode file for STMicroelectronics.X-CUBE-AI.8.1.0
2024-02-11 12:38:42,886 [WARN] ConditionMgr:438 - getConditionDescription Invalid condition id : LAN8742 Phy interface Condition cause : null
2024-02-11 12:38:42,887 [WARN] PackLoader:240 - Cannot read IP mode file for STMicroelectronics.X-CUBE-AZRTOS-L4.2.0.0
2024-02-11 12:38:42,888 [WARN] ConditionMgr:1039 - genDependencies : Invalid condition id : LAN8742 Phy interface Condition cause : null
2024-02-11 12:38:42,888 [WARN] ConditionMgr:1039 - genDependencies : Invalid condition id : LAN8742 Phy interface Condition cause : null
2024-02-11 12:38:42,889 [WARN] ConditionMgr:1039 - genDependencies : Invalid condition id : LAN8742 Phy interface Condition cause : null
2024-02-11 12:38:42,897 [WARN] PackLoader:240 - Cannot read IP mode file for STMicroelectronics.X-CUBE-SFXS2LP1.4.0.0
2024-02-11 12:38:42,910 [WARN] PackLoader:240 - Cannot read IP mode file for STMicroelectronics.X-CUBE-ISPU.1.1.0
2024-02-11 12:38:42,924 [WARN] ConditionMgr:438 - getConditionDescription Invalid condition id : UX DEVICE CLASS RTOS Condition cause : null
2024-02-11 12:38:42,924 [WARN] ConditionMgr:438 - getConditionDescription Invalid condition id : UX DEVICE CLASS RTOS Condition cause : null
2024-02-11 12:38:42,926 [WARN] PackLoader:240 - Cannot read IP mode file for STMicroelectronics.X-CUBE-AZRTOS-WB.2.0.0
2024-02-11 12:38:42,927 [WARN] ConditionMgr:1039 - genDependencies : Invalid condition id : UX DEVICE CLASS RTOS Condition cause : null
2024-02-11 12:38:42,927 [WARN] ConditionMgr:1039 - genDependencies : Invalid condition id : UX DEVICE CLASS RTOS Condition cause : null
2024-02-11 12:38:42,927 [WARN] ConditionMgr:1039 - genDependencies : Invalid condition id : UX DEVICE CLASS RTOS Condition cause : null
2024-02-11 12:38:42,927 [WARN] ConditionMgr:1039 - genDependencies : Invalid condition id : UX DEVICE CLASS RTOS Condition cause : null
2024-02-11 12:38:42,927 [WARN] ConditionMgr:1039 - genDependencies : Invalid condition id : UX DEVICE CLASS RTOS Condition cause : null
2024-02-11 12:38:42,933 [WARN] PackLoader:240 - Cannot read IP mode file for STMicroelectronics.X-CUBE-FREERTOS.1.0.1
2024-02-11 12:38:42,948 [WARN] PackLoader:240 - Cannot read IP mode file for STMicroelectronics.X-CUBE-AZRTOS-L5.1.1.0
2024-02-11 12:38:42,953 [WARN] PackLoader:240 - Cannot read IP mode file for STMicroelectronics.X-CUBE-AI.8.0.1
2024-02-11 12:38:42,963 [WARN] PackLoader:240 - Cannot read IP mode file for STMicroelectronics.X-CUBE-SUBG2.5.0.0
2024-02-11 12:38:42,979 [WARN] PackLoader:240 - Cannot read IP mode file for STMicroelectronics.X-CUBE-TOF1.3.3.1
2024-02-11 12:38:42,996 [WARN] PackLoader:240 - Cannot read IP mode file for STMicroelectronics.X-CUBE-AZRTOS-G4.2.0.0
2024-02-11 12:38:43,006 [WARN] PackLoader:240 - Cannot read IP mode file for STMicroelectronics.X-CUBE-TOF1.3.3.0
2024-02-11 12:38:43,024 [WARN] PackLoader:240 - Cannot read IP mode file for Infineon.AIROC-Wi-Fi-Bluetooth-STM32.1.5.1
2024-02-11 12:38:43,030 [WARN] PackLoader:240 - Cannot read IP mode file for STMicroelectronics.FP-SNS-MOTENVWB1.1.3.0
2024-02-11 12:38:43,035 [WARN] PackLoader:240 - Cannot read IP mode file for STMicroelectronics.FP-SNS-MOTENVWB1.1.3.1
2024-02-11 12:38:43,038 [WARN] PackLoader:240 - Cannot read IP mode file for STMicroelectronics.X-CUBE-ISPU.2.0.0
2024-02-11 12:38:43,060 [WARN] PackLoader:240 - Cannot read IP mode file for STMicroelectronics.X-CUBE-MEMS1.10.0.0
2024-02-11 12:38:43,160 [WARN] PackLoader:240 - Cannot read IP mode file for STMicroelectronics.X-CUBE-FREERTOS.1.1.0
2024-02-11 12:38:43,164 [WARN] PackLoader:240 - Cannot read IP mode file for portGmbH.I-Cube-SoM-uGOAL.1.1.0
2024-02-11 12:38:43,168 [WARN] PackLoader:240 - Cannot read IP mode file for STMicroelectronics.X-CUBE-ALS.1.0.1
2024-02-11 12:38:43,176 [WARN] PackLoader:240 - Cannot read IP mode file for STMicroelectronics.X-CUBE-AZRTOS-WB.1.1.0
2024-02-11 12:38:43,180 [WARN] PackLoader:240 - Cannot read IP mode file for STMicroelectronics.FP-ATR-ASTRA1.2.0.0
2024-02-11 12:38:43,187 [WARN] PackLoader:240 - Cannot read IP mode file for STMicroelectronics.X-CUBE-TOF1.3.4.0
2024-02-11 12:38:43,204 [WARN] PackLoader:240 - Cannot read IP mode file for STMicroelectronics.X-CUBE-AZRTOS-H7.3.2.0
2024-02-11 12:38:43,206 [INFO] ThirdParty:978 - Integrity check success = true
2024-02-11 12:38:43,207 [INFO] IntegrityCheckThread:100 - exiting critical section [integrity check]
2024-02-11 12:38:43,207 [INFO] IntegrityCheckThread:103 - End integrity checks thread
2024-02-11 12:39:01,809 [ERROR] LogOutputStream:75 - [STDERR_REDIRECT] SLF4J: Failed to load class "org.slf4j.impl.StaticLoggerBinder".
2024-02-11 12:39:01,809 [ERROR] LogOutputStream:75 - [STDERR_REDIRECT] SLF4J: Defaulting to no-operation (NOP) logger implementation
2024-02-11 12:39:01,811 [ERROR] LogOutputStream:75 - [STDERR_REDIRECT] SLF4J: See http://www.slf4j.org/codes.html#StaticLoggerBinder for further details.
2024-02-11 12:40:34,919 [INFO] McuFinderGlobals:63 - Set McuFinder mode to 2 (CubeIDE integrated)
2024-02-11 12:40:34,938 [INFO] MainUpdater:2868 - connection check result : 10
2024-02-11 12:40:35,302 [INFO] ApiDb:581 - Connected to CubeFinder SQLite database (C:\Users\admin\.stmcufinder\plugins\mcufinder\mcu\cube-finder-db.db)
2024-02-11 12:40:35,377 [INFO] ApiDb:668 - CubeFinder database Data Model version=2.1
2024-02-11 12:40:35,377 [INFO] ApiDb:669 - CubeFinder database Configuration version=3.0.39
2024-02-11 12:40:35,377 [INFO] ApiDb:670 - CubeFinder database generation date=2024-01-11 (1704964531)
2024-02-11 12:40:35,377 [INFO] ApiDb:671 - CubeFinder database FW Pack versions=[FP-ATR-ASTRA1_V2.0.0, FP-SNS-FLIGHT1_V5.0.1, FP-SNS-FLIGHT1_V5.0.2, FP-SNS-MOTENV1_V4.3.1, FP-SNS-MOTENV1_V4.3.2, FP-SNS-MOTENVWB1_V1.3.1, FP-SNS-SMARTAG2_V1.2.0, STM32Cube_FW_C0_V1.1.0, STM32Cube_FW_F4_V1.28.0, STM32Cube_FW_F7_V1.17.0, STM32Cube_FW_G0_V1.6.2, STM32Cube_FW_G4_V1.5.2, STM32Cube_FW_H5_V0.5.1, STM32Cube_FW_H5_V1.1.1, STM32Cube_FW_H5_V1.2.0RC2, STM32Cube_FW_H7_V1.11.0, STM32Cube_FW_L0_V1.12.2, STM32Cube_FW_L5_V1.5.0, STM32Cube_FW_U5_V1.3.0RC4, STM32Cube_FW_U5_V1.4.0, STM32Cube_FW_WBA_V1.0.0RC1, STM32Cube_FW_WBA_V1.1.0RC1, STM32Cube_FW_WBA_V1.2.0, STM32Cube_FW_WBA_V1.2.0RC2, STM32Cube_FW_WB_V1.15.0RC1, STM32Cube_FW_WB_V1.16.0, STM32Cube_FW_WB_V1.16.0RC2, STM32Cube_FW_WB_V1.18.0, STM32Cube_FW_WL_V1.3.0, X-CUBE-ALGOBUILD_V1.3.0, X-CUBE-ALS_V1.0.1, X-CUBE-AZRTOS-F4_V1.1.0, X-CUBE-AZRTOS-F7_V1.1.0, X-CUBE-AZRTOS-G0_V1.1.0, X-CUBE-AZRTOS-G4_V2.0.0, X-CUBE-AZRTOS-H7_V3.2.0, X-CUBE-AZRTOS-L4_V1.0.0, X-CUBE-AZRTOS-L4_V2.0.0, X-CUBE-AZRTOS-L5_V1.1.0, X-CUBE-AZRTOS-WB_V2.0.0, X-CUBE-AZRTOS-WL_V2.0.0, X-CUBE-BLE1_V7.0.0, X-CUBE-BLE2_V3.3.0, X-CUBE-BLEMGR_V3.0.0, X-CUBE-EEPRMA1_V4.1.0, X-CUBE-EEPRMA1_V4.2.0, X-CUBE-FREERTOS_V1.1.0, X-CUBE-GNSS1_V6.0.0, X-CUBE-MEMS1_V10.0.0, X-CUBE-MEMS1_V9.1.0, X-CUBE-MEMS1_V9.4.0, X-CUBE-MEMS1_V9.6.0, X-CUBE-NFC4_V3.0.0, X-CUBE-NFC7_V1.0.1, X-CUBE-SFXS2LP1_V4.0.0, X-CUBE-SUBG2_V5.0.0, X-CUBE-TOF1_V3.4.0]
2024-02-11 12:40:35,508 [INFO] DbBoardsSqlite:226 - include board P-NUCLEO-WB55-NUCLEO as a kit item of type 'Nucleo-64'
2024-02-11 12:40:35,508 [INFO] DbBoardsSqlite:226 - include board P-NUCLEO-WB55-USBDONGLE as a kit item of type 'Nucleo USB Dongle'
2024-02-11 12:40:35,510 [INFO] DbBoardsSqlite:226 - include board STEVAL-IDP005V1 as a kit item of type 'Evaluation Board'
2024-02-11 12:40:35,510 [INFO] DbBoardsSqlite:226 - include board STEVAL-IDP005V2 as a kit item of type 'Evaluation Board'
2024-02-11 12:40:36,257 [INFO] ApiDb:240 - Found 323 in-development CPN: [B-G473E-ZEST1S, B-WB1M-WPAN1, B-WL5M-SUBG1, NUCLEO-C031C6, NUCLEO-H503RB, NUCLEO-H563ZI, NUCLEO-U545RE-Q, NUCLEO-U5A5ZJ-Q, NUCLEO-WBA52CG, STEVAL-PROTEUS1, STEVAL-SMARTAG2, STEVAL-STWINBX1, STM320518-EVAL, STM32C0116-DK, STM32C011D6Y3TR, STM32C011D6Y6TR, STM32C011F4P3, STM32C011F4P6, STM32C011F4U3, STM32C011F4U6TR, STM32C011F6P3, STM32C011F6P6, STM32C011F6U3, STM32C011F6U6TR, STM32C011J4M3, STM32C011J4M6, STM32C011J6M3, STM32C011J6M6, STM32C0316-DK, STM32C031C4T3, STM32C031C4T6, STM32C031C4U3, STM32C031C4U6, STM32C031C6T3, STM32C031C6T6, STM32C031C6U3, STM32C031C6U6, STM32C031F4P3, STM32C031F4P6, STM32C031F6P3, STM32C031F6P6, STM32C031G4U3, STM32C031G4U6, STM32C031G6U3, STM32C031G6U6, STM32C031K4T3, STM32C031K4T6, STM32C031K4U3, STM32C031K4U6, STM32C031K6T3, STM32C031K6T6, STM32C031K6U3, STM32C031K6U6, STM32G071K8TXN, STM32G071K8UXN, STM32G081GBU6N, STM32G081KBT6N, STM32G081KBUXN, STM32G0B1CCT6N, STM32G0B1KCT6, STM32G0B1NEY6TR, STM32G0B1RCT6N, STM32G0C1CCT6, STM32G0C1CCT6N, STM32G0C1CCU6N, STM32G0C1CET6N, STM32G0C1CEU6N, STM32G0C1KCT6, STM32G0C1NEY6TR, STM32G0C1RCI6N, STM32G0C1RCT6N, STM32G0C1REI6N, STM32G0C1RET6N, STM32G0C1VCI6, STM32G0C1VEI6, STM32G471CCT6, STM32G471CCU6, STM32G471CET3, STM32G471CET6, STM32G471CEU3, STM32G471CEU6, STM32G471MCT6, STM32G471MET3, STM32G471MET6, STM32G471MEY6TR, STM32G471QCT6, STM32G471QET3, STM32G471RCT6, STM32G471RET3, STM32G471RET6, STM32G471VCH6, STM32G471VCI6, STM32G471VCT6, STM32G471VEH3, STM32G471VEH6, STM32G471VEI3, STM32G471VEI6, STM32G471VET3, STM32G471VET6, STM32G474CCT6, STM32H503CBT6, STM32H503CBU6, STM32H503EBY6TR, STM32H503KBU6, STM32H503RBT6, STM32H562AGI6, STM32H562AII6, STM32H562IGK6, STM32H562IGT6, STM32H562IIK6, STM32H562IIT6, STM32H562RGT6, STM32H562RGV6, STM32H562RIT6, STM32H562RIV6, STM32H562VGT6, STM32H562VIT6, STM32H562ZGT6, STM32H562ZIT6, STM32H563AGI6, STM32H563AII3Q, STM32H563AII6, STM32H563IGK6, STM32H563IGT6, STM32H563IIK3Q, STM32H563IIK6, STM32H563IIT3Q, STM32H563IIT6, STM32H563MIY3QTR, STM32H563RGT6, STM32H563RGV6, STM32H563RIT6, STM32H563RIV6, STM32H563VGT6, STM32H563VIT3Q, STM32H563VIT6, STM32H563ZGT6, STM32H563ZIT3Q, STM32H563ZIT6, STM32H573AII3Q, STM32H573AII6, STM32H573I-DK, STM32H573IIK3Q, STM32H573IIK6, STM32H573IIT3Q, STM32H573IIT6, STM32H573MIY3QTR, STM32H573RIT6, STM32H573RIV6, STM32H573VIT3Q, STM32H573VIT6, STM32H573ZIT3Q, STM32H573ZIT6, STM32L4R5QGI6STR, STM32MP131AAE3, STM32MP131AAF3, STM32MP131AAG3, STM32MP131CAE3, STM32MP131CAF3, STM32MP131CAG3, STM32MP131DAE7, STM32MP131DAF7, STM32MP131DAG7, STM32MP131FAE7, STM32MP131FAF7, STM32MP131FAG7, STM32MP133AAE3, STM32MP133AAF3, STM32MP133AAG3, STM32MP133CAE3, STM32MP133CAF3, STM32MP133CAG3, STM32MP133DAE7, STM32MP133DAF7, STM32MP133DAG7, STM32MP133FAE7, STM32MP133FAF7, STM32MP133FAG7, STM32MP135AAE3, STM32MP135AAF3, STM32MP135AAG3, STM32MP135CAE3, STM32MP135CAF3, STM32MP135CAG3, STM32MP135DAE7, STM32MP135DAF7, STM32MP135DAG7, STM32MP135F-DK, STM32MP135FAE7, STM32MP135FAF7, STM32MP135FAF7T, STM32MP135FAF7U, STM32MP135FAG7, STM32U535CBT6, STM32U535CBT6Q, STM32U535CBU6, STM32U535CBU6Q, STM32U535CCT6, STM32U535CCT6Q, STM32U535CCU6, STM32U535CCU6Q, STM32U535CET6, STM32U535CET6Q, STM32U535CEU6, STM32U535CEU6Q, STM32U535JEY6QTR, STM32U535NCY6QTR, STM32U535NEY6QTR, STM32U535RBI6, STM32U535RBI6Q, STM32U535RBT6, STM32U535RBT6Q, STM32U535RCI6, STM32U535RCI6Q, STM32U535RCT6, STM32U535RCT6Q, STM32U535REI6, STM32U535REI6Q, STM32U535RET6, STM32U535RET6Q, STM32U535VCI6, STM32U535VCI6Q, STM32U535VCT6, STM32U535VCT6Q, STM32U535VEI6, STM32U535VEI6Q, STM32U535VET6, STM32U535VET6Q, STM32U545CET6, STM32U545CET6Q, STM32U545CEU6, STM32U545CEU6Q, STM32U545JEY6QTR, STM32U545NEY6QTR, STM32U545REI6, STM32U545REI6Q, STM32U545RET6, STM32U545RET6Q, STM32U545VEI6, STM32U545VEI6Q, STM32U545VET6, STM32U545VET6Q, STM32U595AIH6, STM32U595AIH6Q, STM32U595AJH6, STM32U595AJH6Q, STM32U595QII6, STM32U595QII6Q, STM32U595QJI6, STM32U595QJI6Q, STM32U595RIT6, STM32U595RIT6Q, STM32U595RJT6, STM32U595RJT6Q, STM32U595VIT6, STM32U595VIT6Q, STM32U595VJT6, STM32U595VJT6Q, STM32U595ZIT6, STM32U595ZIT6Q, STM32U595ZIY6QTR, STM32U595ZJT6, STM32U595ZJT6Q, STM32U595ZJY6QTR, STM32U599BJY6QTR, STM32U599NIH6Q, STM32U599NJH6Q, STM32U599VIT6Q, STM32U599VJT6, STM32U599VJT6Q, STM32U599ZIT6Q, STM32U599ZIY6QTR, STM32U599ZJT6Q, STM32U599ZJY6QTR, STM32U5A5AJH6, STM32U5A5AJH6Q, STM32U5A5QJI6, STM32U5A5QJI6Q, STM32U5A5RJT6, STM32U5A5RJT6Q, STM32U5A5VJT6, STM32U5A5VJT6Q, STM32U5A5ZJT6, STM32U5A5ZJT6Q, STM32U5A5ZJY6QTR, STM32U5A9BJY6QTR, STM32U5A9J-DK, STM32U5A9NJH6Q, STM32U5A9VJT6Q, STM32U5A9ZJT6Q, STM32U5A9ZJY6QTR, STM32U5F7VIT6, STM32U5F7VIT6Q, STM32U5F7VJT6, STM32U5F7VJT6Q, STM32U5F9BJY6QTR, STM32U5F9NJH6Q, STM32U5F9VIT6Q, STM32U5F9VJT6Q, STM32U5F9ZIJ6QTR, STM32U5F9ZIT6Q, STM32U5F9ZJJ6QTR, STM32U5F9ZJT6Q, STM32U5G7VJT6, STM32U5G7VJT6Q, STM32U5G9BJY6QTR, STM32U5G9J-DK1, STM32U5G9J-DK2, STM32U5G9NJH6Q, STM32U5G9VJT6Q, STM32U5G9ZJJ6QTR, STM32U5G9ZJT6Q, STM32WB1MMCH6, STM32WBA52CEU6, STM32WBA52CEU6T, STM32WBA52CGU6, STM32WBA52CGU6T, STM32WBA52KEU6, STM32WBA52KEU6T, STM32WBA52KGU6, STM32WBA52KGU6T, STM32WL5MOCH6, STM32WL5MOCH6TR]
2024-02-11 12:40:36,260 [INFO] ApiDb:668 - CubeFinder database Data Model version=2.1
2024-02-11 12:40:36,260 [INFO] ApiDb:669 - CubeFinder database Configuration version=3.0.39
2024-02-11 12:40:36,260 [INFO] ApiDb:670 - CubeFinder database generation date=2024-01-11 (1704964531)
2024-02-11 12:40:36,260 [INFO] ApiDb:671 - CubeFinder database FW Pack versions=[FP-ATR-ASTRA1_V2.0.0, FP-SNS-FLIGHT1_V5.0.1, FP-SNS-FLIGHT1_V5.0.2, FP-SNS-MOTENV1_V4.3.1, FP-SNS-MOTENV1_V4.3.2, FP-SNS-MOTENVWB1_V1.3.1, FP-SNS-SMARTAG2_V1.2.0, STM32Cube_FW_C0_V1.1.0, STM32Cube_FW_F4_V1.28.0, STM32Cube_FW_F7_V1.17.0, STM32Cube_FW_G0_V1.6.2, STM32Cube_FW_G4_V1.5.2, STM32Cube_FW_H5_V0.5.1, STM32Cube_FW_H5_V1.1.1, STM32Cube_FW_H5_V1.2.0RC2, STM32Cube_FW_H7_V1.11.0, STM32Cube_FW_L0_V1.12.2, STM32Cube_FW_L5_V1.5.0, STM32Cube_FW_U5_V1.3.0RC4, STM32Cube_FW_U5_V1.4.0, STM32Cube_FW_WBA_V1.0.0RC1, STM32Cube_FW_WBA_V1.1.0RC1, STM32Cube_FW_WBA_V1.2.0, STM32Cube_FW_WBA_V1.2.0RC2, STM32Cube_FW_WB_V1.15.0RC1, STM32Cube_FW_WB_V1.16.0, STM32Cube_FW_WB_V1.16.0RC2, STM32Cube_FW_WB_V1.18.0, STM32Cube_FW_WL_V1.3.0, X-CUBE-ALGOBUILD_V1.3.0, X-CUBE-ALS_V1.0.1, X-CUBE-AZRTOS-F4_V1.1.0, X-CUBE-AZRTOS-F7_V1.1.0, X-CUBE-AZRTOS-G0_V1.1.0, X-CUBE-AZRTOS-G4_V2.0.0, X-CUBE-AZRTOS-H7_V3.2.0, X-CUBE-AZRTOS-L4_V1.0.0, X-CUBE-AZRTOS-L4_V2.0.0, X-CUBE-AZRTOS-L5_V1.1.0, X-CUBE-AZRTOS-WB_V2.0.0, X-CUBE-AZRTOS-WL_V2.0.0, X-CUBE-BLE1_V7.0.0, X-CUBE-BLE2_V3.3.0, X-CUBE-BLEMGR_V3.0.0, X-CUBE-EEPRMA1_V4.1.0, X-CUBE-EEPRMA1_V4.2.0, X-CUBE-FREERTOS_V1.1.0, X-CUBE-GNSS1_V6.0.0, X-CUBE-MEMS1_V10.0.0, X-CUBE-MEMS1_V9.1.0, X-CUBE-MEMS1_V9.4.0, X-CUBE-MEMS1_V9.6.0, X-CUBE-NFC4_V3.0.0, X-CUBE-NFC7_V1.0.1, X-CUBE-SFXS2LP1_V4.0.0, X-CUBE-SUBG2_V5.0.0, X-CUBE-TOF1_V3.4.0]
2024-02-11 12:40:37,685 [INFO] ApiDb:240 - Found 323 in-development CPN: [B-G473E-ZEST1S, B-WB1M-WPAN1, B-WL5M-SUBG1, NUCLEO-C031C6, NUCLEO-H503RB, NUCLEO-H563ZI, NUCLEO-U545RE-Q, NUCLEO-U5A5ZJ-Q, NUCLEO-WBA52CG, STEVAL-PROTEUS1, STEVAL-SMARTAG2, STEVAL-STWINBX1, STM320518-EVAL, STM32C0116-DK, STM32C011D6Y3TR, STM32C011D6Y6TR, STM32C011F4P3, STM32C011F4P6, STM32C011F4U3, STM32C011F4U6TR, STM32C011F6P3, STM32C011F6P6, STM32C011F6U3, STM32C011F6U6TR, STM32C011J4M3, STM32C011J4M6, STM32C011J6M3, STM32C011J6M6, STM32C0316-DK, STM32C031C4T3, STM32C031C4T6, STM32C031C4U3, STM32C031C4U6, STM32C031C6T3, STM32C031C6T6, STM32C031C6U3, STM32C031C6U6, STM32C031F4P3, STM32C031F4P6, STM32C031F6P3, STM32C031F6P6, STM32C031G4U3, STM32C031G4U6, STM32C031G6U3, STM32C031G6U6, STM32C031K4T3, STM32C031K4T6, STM32C031K4U3, STM32C031K4U6, STM32C031K6T3, STM32C031K6T6, STM32C031K6U3, STM32C031K6U6, STM32G071K8TXN, STM32G071K8UXN, STM32G081GBU6N, STM32G081KBT6N, STM32G081KBUXN, STM32G0B1CCT6N, STM32G0B1KCT6, STM32G0B1NEY6TR, STM32G0B1RCT6N, STM32G0C1CCT6, STM32G0C1CCT6N, STM32G0C1CCU6N, STM32G0C1CET6N, STM32G0C1CEU6N, STM32G0C1KCT6, STM32G0C1NEY6TR, STM32G0C1RCI6N, STM32G0C1RCT6N, STM32G0C1REI6N, STM32G0C1RET6N, STM32G0C1VCI6, STM32G0C1VEI6, STM32G471CCT6, STM32G471CCU6, STM32G471CET3, STM32G471CET6, STM32G471CEU3, STM32G471CEU6, STM32G471MCT6, STM32G471MET3, STM32G471MET6, STM32G471MEY6TR, STM32G471QCT6, STM32G471QET3, STM32G471RCT6, STM32G471RET3, STM32G471RET6, STM32G471VCH6, STM32G471VCI6, STM32G471VCT6, STM32G471VEH3, STM32G471VEH6, STM32G471VEI3, STM32G471VEI6, STM32G471VET3, STM32G471VET6, STM32G474CCT6, STM32H503CBT6, STM32H503CBU6, STM32H503EBY6TR, STM32H503KBU6, STM32H503RBT6, STM32H562AGI6, STM32H562AII6, STM32H562IGK6, STM32H562IGT6, STM32H562IIK6, STM32H562IIT6, STM32H562RGT6, STM32H562RGV6, STM32H562RIT6, STM32H562RIV6, STM32H562VGT6, STM32H562VIT6, STM32H562ZGT6, STM32H562ZIT6, STM32H563AGI6, STM32H563AII3Q, STM32H563AII6, STM32H563IGK6, STM32H563IGT6, STM32H563IIK3Q, STM32H563IIK6, STM32H563IIT3Q, STM32H563IIT6, STM32H563MIY3QTR, STM32H563RGT6, STM32H563RGV6, STM32H563RIT6, STM32H563RIV6, STM32H563VGT6, STM32H563VIT3Q, STM32H563VIT6, STM32H563ZGT6, STM32H563ZIT3Q, STM32H563ZIT6, STM32H573AII3Q, STM32H573AII6, STM32H573I-DK, STM32H573IIK3Q, STM32H573IIK6, STM32H573IIT3Q, STM32H573IIT6, STM32H573MIY3QTR, STM32H573RIT6, STM32H573RIV6, STM32H573VIT3Q, STM32H573VIT6, STM32H573ZIT3Q, STM32H573ZIT6, STM32L4R5QGI6STR, STM32MP131AAE3, STM32MP131AAF3, STM32MP131AAG3, STM32MP131CAE3, STM32MP131CAF3, STM32MP131CAG3, STM32MP131DAE7, STM32MP131DAF7, STM32MP131DAG7, STM32MP131FAE7, STM32MP131FAF7, STM32MP131FAG7, STM32MP133AAE3, STM32MP133AAF3, STM32MP133AAG3, STM32MP133CAE3, STM32MP133CAF3, STM32MP133CAG3, STM32MP133DAE7, STM32MP133DAF7, STM32MP133DAG7, STM32MP133FAE7, STM32MP133FAF7, STM32MP133FAG7, STM32MP135AAE3, STM32MP135AAF3, STM32MP135AAG3, STM32MP135CAE3, STM32MP135CAF3, STM32MP135CAG3, STM32MP135DAE7, STM32MP135DAF7, STM32MP135DAG7, STM32MP135F-DK, STM32MP135FAE7, STM32MP135FAF7, STM32MP135FAF7T, STM32MP135FAF7U, STM32MP135FAG7, STM32U535CBT6, STM32U535CBT6Q, STM32U535CBU6, STM32U535CBU6Q, STM32U535CCT6, STM32U535CCT6Q, STM32U535CCU6, STM32U535CCU6Q, STM32U535CET6, STM32U535CET6Q, STM32U535CEU6, STM32U535CEU6Q, STM32U535JEY6QTR, STM32U535NCY6QTR, STM32U535NEY6QTR, STM32U535RBI6, STM32U535RBI6Q, STM32U535RBT6, STM32U535RBT6Q, STM32U535RCI6, STM32U535RCI6Q, STM32U535RCT6, STM32U535RCT6Q, STM32U535REI6, STM32U535REI6Q, STM32U535RET6, STM32U535RET6Q, STM32U535VCI6, STM32U535VCI6Q, STM32U535VCT6, STM32U535VCT6Q, STM32U535VEI6, STM32U535VEI6Q, STM32U535VET6, STM32U535VET6Q, STM32U545CET6, STM32U545CET6Q, STM32U545CEU6, STM32U545CEU6Q, STM32U545JEY6QTR, STM32U545NEY6QTR, STM32U545REI6, STM32U545REI6Q, STM32U545RET6, STM32U545RET6Q, STM32U545VEI6, STM32U545VEI6Q, STM32U545VET6, STM32U545VET6Q, STM32U595AIH6, STM32U595AIH6Q, STM32U595AJH6, STM32U595AJH6Q, STM32U595QII6, STM32U595QII6Q, STM32U595QJI6, STM32U595QJI6Q, STM32U595RIT6, STM32U595RIT6Q, STM32U595RJT6, STM32U595RJT6Q, STM32U595VIT6, STM32U595VIT6Q, STM32U595VJT6, STM32U595VJT6Q, STM32U595ZIT6, STM32U595ZIT6Q, STM32U595ZIY6QTR, STM32U595ZJT6, STM32U595ZJT6Q, STM32U595ZJY6QTR, STM32U599BJY6QTR, STM32U599NIH6Q, STM32U599NJH6Q, STM32U599VIT6Q, STM32U599VJT6, STM32U599VJT6Q, STM32U599ZIT6Q, STM32U599ZIY6QTR, STM32U599ZJT6Q, STM32U599ZJY6QTR, STM32U5A5AJH6, STM32U5A5AJH6Q, STM32U5A5QJI6, STM32U5A5QJI6Q, STM32U5A5RJT6, STM32U5A5RJT6Q, STM32U5A5VJT6, STM32U5A5VJT6Q, STM32U5A5ZJT6, STM32U5A5ZJT6Q, STM32U5A5ZJY6QTR, STM32U5A9BJY6QTR, STM32U5A9J-DK, STM32U5A9NJH6Q, STM32U5A9VJT6Q, STM32U5A9ZJT6Q, STM32U5A9ZJY6QTR, STM32U5F7VIT6, STM32U5F7VIT6Q, STM32U5F7VJT6, STM32U5F7VJT6Q, STM32U5F9BJY6QTR, STM32U5F9NJH6Q, STM32U5F9VIT6Q, STM32U5F9VJT6Q, STM32U5F9ZIJ6QTR, STM32U5F9ZIT6Q, STM32U5F9ZJJ6QTR, STM32U5F9ZJT6Q, STM32U5G7VJT6, STM32U5G7VJT6Q, STM32U5G9BJY6QTR, STM32U5G9J-DK1, STM32U5G9J-DK2, STM32U5G9NJH6Q, STM32U5G9VJT6Q, STM32U5G9ZJJ6QTR, STM32U5G9ZJT6Q, STM32WB1MMCH6, STM32WBA52CEU6, STM32WBA52CEU6T, STM32WBA52CGU6, STM32WBA52CGU6T, STM32WBA52KEU6, STM32WBA52KEU6T, STM32WBA52KGU6, STM32WBA52KGU6T, STM32WL5MOCH6, STM32WL5MOCH6TR]
2024-02-11 12:40:37,690 [INFO] DbMcus:217 - Found 3882 MCUs, 3882 are supported
2024-02-11 12:40:37,690 [INFO] ApiDb:423 - Load user favorites file C:\Users\admin/.stm32cubeide/favorites.mcus.txt: 0 item(s)
2024-02-11 12:40:37,690 [INFO] ApiDb:427 - User favorites MCUs=[]
2024-02-11 12:40:37,690 [INFO] DbMcus:223 - Set 0 / 0 favorites MCUs
2024-02-11 12:40:37,908 [INFO] BoardInfo:880 - No configuration file found for board P-NUCLEO-WB55
2024-02-11 12:40:37,908 [INFO] DbBoards:157 - Kit is not supported: P-NUCLEO-WB55
2024-02-11 12:40:37,911 [INFO] BoardInfo:880 - No configuration file found for board STEVAL-BFA001V1B
2024-02-11 12:40:37,911 [INFO] DbBoards:157 - Kit is not supported: STEVAL-BFA001V1B
2024-02-11 12:40:37,912 [INFO] BoardInfo:880 - No configuration file found for board STEVAL-BFA001V2B
2024-02-11 12:40:37,912 [INFO] DbBoards:157 - Kit is not supported: STEVAL-BFA001V2B
2024-02-11 12:40:37,914 [INFO] BoardInfo:880 - No configuration file found for board STEVAL-MKBOXPRO
2024-02-11 12:40:37,914 [INFO] DbBoards:157 - Board is not supported: STEVAL-MKBOXPRO
2024-02-11 12:40:38,006 [INFO] DbBoards:161 - Found 191 boards, 187 are supported
2024-02-11 12:40:38,008 [INFO] ApiDb:423 - Load user favorites file C:\Users\admin/.stm32cubeide/favorites.boards.txt: 0 item(s)
2024-02-11 12:40:38,008 [INFO] ApiDb:427 - User favorites Boards=[]
2024-02-11 12:40:38,008 [INFO] DbBoards:190 - Set 0 / 0 favorites Boards
2024-02-11 12:40:38,008 [INFO] McuFinderGlobals:76 - Set McuFinderConnectedMode to true
2024-02-11 12:40:38,013 [INFO] MultiScanPanel:200 - Auto-refresh data requested => check proxy status ongoing
2024-02-11 12:40:38,015 [INFO] FinderPluginLoader:95 - Searching for filters in installed packs
2024-02-11 12:40:39,074 [INFO] LoadUrlFilesThread:185 - End of LoadServerUrlFiles without Thread
2024-02-11 12:40:39,086 [INFO] DetailPanel:341 - Set advertising image to C:/Users/admin/STM32Cube/Repository/\en.prom-stm32wl3-mcu-finder.jpg
2024-02-11 12:40:50,945 [INFO] McuFinderGlobals:76 - Set McuFinderConnectedMode to true
2024-02-11 12:40:51,550 [INFO] ApiDb:448 - Save user favorites file C:\Users\admin/.stm32cubeide/favorites.mcus.txt: 0 item(s)
2024-02-11 12:40:51,550 [INFO] ApiDb:452 - User favorites MCUs=[]
2024-02-11 12:46:58,960 [ERROR] LogOutputStream:75 - [STDERR_REDIRECT] 
2024-02-11 12:47:16,232 [INFO] Activator:176 - 


2024-02-11 12:47:16,234 [INFO] Activator:177 - !SESSION log4j initialized
2024-02-11 12:47:18,766 [INFO] LogOutputStream:77 - [STDOUT_REDIRECT] 
2024-02-11 12:47:20,809 [INFO] ApplicationProperties:184 - Using Application install path: C:\ST\STM32CubeIDE_1.13.1\STM32CubeIDE\plugins\com.st.stm32cube.common.mx_6.9.1.202307191849
2024-02-11 12:47:20,826 [INFO] DbMcusXml:78 - Set database path to: C:\ST\STM32CubeIDE_1.13.1\STM32CubeIDE\plugins\com.st.stm32cube.common.mx_6.9.1.202307191849\\db\/mcu/
2024-02-11 12:47:20,826 [INFO] ApiDb:274 - Set plugin database path to: C:\ST\STM32CubeIDE_1.13.1\STM32CubeIDE\plugins\com.st.stm32cube.common.mx_6.9.1.202307191849\\db\/plugins/boardmanager/
2024-02-11 12:47:20,826 [WARN] ApiDb:259 - Overriding images path with different value:  => C:\ST\STM32CubeIDE_1.13.1\STM32CubeIDE\plugins\com.st.stm32cube.common.mx_6.9.1.202307191849\\db\/plugins/mcufinder/images/
2024-02-11 12:47:20,833 [INFO] ApiDb:250 - Set database path to: C:\Users\admin\.stmcufinder\plugins\mcufinder//mcu/
2024-02-11 12:47:20,834 [INFO] DbMcusAds:125 - Set database path to: C:\Users\admin\.stmcufinder\plugins\mcufinder//mcu/
2024-02-11 12:47:20,836 [INFO] CrossReferenceDbSqlite:203 - Set database path to: C:\Users\admin\.stmcufinder\plugins\mcufinder//mcu/cs/
2024-02-11 12:47:20,925 [INFO] RulesReader:64 - Compatibility file has been processed (293 Rules)
2024-02-11 12:47:20,994 [INFO] DbMcusXml:78 - Set database path to: C:\ST\STM32CubeIDE_1.13.1\STM32CubeIDE\plugins\com.st.stm32cube.common.mx_6.9.1.202307191849\\db\/mcu/
2024-02-11 12:47:20,994 [INFO] ApiDb:274 - Set plugin database path to: C:\ST\STM32CubeIDE_1.13.1\STM32CubeIDE\plugins\com.st.stm32cube.common.mx_6.9.1.202307191849\\db\/plugins/boardmanager/
2024-02-11 12:47:20,995 [INFO] ApiDb:261 - Set plugin images path to: C:\ST\STM32CubeIDE_1.13.1\STM32CubeIDE\plugins\com.st.stm32cube.common.mx_6.9.1.202307191849\\db\/plugins/mcufinder/images/
2024-02-11 12:47:20,995 [WARN] DbFile:41 - Overriding database path with different value: C:\Users\admin\.stmcufinder\plugins\mcufinder/ => C:\Users\admin\.stmcufinder\plugins\mcufinder
2024-02-11 12:47:20,995 [INFO] ApiDb:250 - Set database path to: C:\Users\admin\.stmcufinder\plugins\mcufinder//mcu/
2024-02-11 12:47:20,995 [WARN] DbFile:41 - Overriding database path with different value: C:\Users\admin\.stmcufinder\plugins\mcufinder/ => C:\Users\admin\.stmcufinder\plugins\mcufinder
2024-02-11 12:47:20,995 [INFO] DbMcusAds:125 - Set database path to: C:\Users\admin\.stmcufinder\plugins\mcufinder//mcu/
2024-02-11 12:47:20,995 [WARN] DbFile:41 - Overriding database path with different value: C:\Users\admin\.stmcufinder\plugins\mcufinder/ => C:\Users\admin\.stmcufinder\plugins\mcufinder
2024-02-11 12:47:20,995 [WARN] DbFile:41 - Overriding database path with different value: C:\Users\admin\.stmcufinder\plugins\mcufinder/ => C:\Users\admin\.stmcufinder\plugins\mcufinder
2024-02-11 12:47:20,995 [INFO] CrossReferenceDbSqlite:203 - Set database path to: C:\Users\admin\.stmcufinder\plugins\mcufinder//mcu/cs/
2024-02-11 12:47:21,054 [INFO] MainPanel:262 - HeapMemory: 268435456
2024-02-11 12:47:21,113 [INFO] DbMcusXml:78 - Set database path to: C:\ST\STM32CubeIDE_1.13.1\STM32CubeIDE\plugins\com.st.stm32cube.common.mx_6.9.1.202307191849\\db\/mcu/
2024-02-11 12:47:21,114 [INFO] ApiDb:274 - Set plugin database path to: C:\ST\STM32CubeIDE_1.13.1\STM32CubeIDE\plugins\com.st.stm32cube.common.mx_6.9.1.202307191849\\db\/plugins/boardmanager/
2024-02-11 12:47:21,114 [INFO] ApiDb:261 - Set plugin images path to: C:\ST\STM32CubeIDE_1.13.1\STM32CubeIDE\plugins\com.st.stm32cube.common.mx_6.9.1.202307191849\\db\/plugins/mcufinder/images/
2024-02-11 12:47:21,114 [WARN] DbFile:41 - Overriding database path with different value: C:\Users\admin\.stmcufinder\plugins\mcufinder/ => C:\Users\admin\.stmcufinder\plugins\mcufinder
2024-02-11 12:47:21,114 [INFO] ApiDb:250 - Set database path to: C:\Users\admin\.stmcufinder\plugins\mcufinder//mcu/
2024-02-11 12:47:21,114 [WARN] DbFile:41 - Overriding database path with different value: C:\Users\admin\.stmcufinder\plugins\mcufinder/ => C:\Users\admin\.stmcufinder\plugins\mcufinder
2024-02-11 12:47:21,114 [INFO] DbMcusAds:125 - Set database path to: C:\Users\admin\.stmcufinder\plugins\mcufinder//mcu/
2024-02-11 12:47:21,114 [WARN] DbFile:41 - Overriding database path with different value: C:\Users\admin\.stmcufinder\plugins\mcufinder/ => C:\Users\admin\.stmcufinder\plugins\mcufinder
2024-02-11 12:47:21,114 [WARN] DbFile:41 - Overriding database path with different value: C:\Users\admin\.stmcufinder\plugins\mcufinder/ => C:\Users\admin\.stmcufinder\plugins\mcufinder
2024-02-11 12:47:21,114 [INFO] CrossReferenceDbSqlite:203 - Set database path to: C:\Users\admin\.stmcufinder\plugins\mcufinder//mcu/cs/
2024-02-11 12:47:21,129 [INFO] ApplicationProperties:184 - Using Application install path: C:\ST\STM32CubeIDE_1.13.1\STM32CubeIDE\plugins\com.st.stm32cube.common.mx_6.9.1.202307191849
2024-02-11 12:47:21,129 [INFO] PluginManage:196 - Search for loadable plugins [exclusion list=, ]
2024-02-11 12:47:21,130 [INFO] PluginManage:310 - Check plugin analytics
2024-02-11 12:47:21,262 [INFO] AnalyticsPlugin:253 - Accepted Software Licenses: STM32CubeMX.6.8.1
2024-02-11 12:47:21,262 [INFO] AnalyticsPlugin:255 - Accepted CMSIS Pack Licenses: 
2024-02-11 12:47:21,262 [INFO] AnalyticsPlugin:257 - Accepted Firmware Licenses: FW.F4.1.27.0
2024-02-11 12:47:21,266 [INFO] PluginManage:359 - Loaded plugin analytics (category:tool,tabindex:-1)
2024-02-11 12:47:21,267 [INFO] PluginManage:310 - Check plugin cadmodel
2024-02-11 12:47:21,272 [INFO] CADModel:105 - Init CAD model plugin
2024-02-11 12:47:21,272 [INFO] PluginManage:359 - Loaded plugin cadmodel (category:power,tabindex:5)
2024-02-11 12:47:21,272 [INFO] PluginManage:310 - Check plugin clock
2024-02-11 12:47:21,279 [INFO] PluginManage:359 - Loaded plugin clock (category:base,tabindex:2)
2024-02-11 12:47:21,280 [INFO] PluginManage:310 - Check plugin ddr
2024-02-11 12:47:21,281 [INFO] PluginManage:359 - Loaded plugin ddr (category:tool,tabindex:6)
2024-02-11 12:47:21,281 [INFO] PluginManage:310 - Check plugin filemanager
2024-02-11 12:47:21,407 [INFO] PluginManage:359 - Loaded plugin filemanager (category:base,tabindex:10)
2024-02-11 12:47:21,408 [INFO] PluginManage:310 - Check plugin ipmanager
2024-02-11 12:47:21,413 [INFO] PluginManage:359 - Loaded plugin ipmanager (category:base,tabindex:5)
2024-02-11 12:47:21,413 [INFO] PluginManage:310 - Check plugin lpbam
2024-02-11 12:47:21,421 [INFO] PluginManage:359 - Loaded plugin lpbam (category:base,tabindex:0)
2024-02-11 12:47:21,421 [INFO] PluginManage:310 - Check plugin memorymap
2024-02-11 12:47:21,432 [INFO] PluginManage:359 - Loaded plugin memorymap (category:base,tabindex:4)
2024-02-11 12:47:21,432 [INFO] PluginManage:310 - Check plugin pinoutandconfiguration
2024-02-11 12:47:21,436 [INFO] PluginManage:359 - Loaded plugin pinoutandconfiguration (category:base,tabindex:1)
2024-02-11 12:47:21,438 [INFO] PluginManage:310 - Check plugin pinoutconfig
2024-02-11 12:47:21,505 [WARN] SupportedApi:132 - Cannot load RTOS API schema: s4s-elt-must-match.1: The content of 'definitions' must match (annotation?, (simpleType | complexType)?, (unique | key | keyref)*)). A problem was found starting at: attribute.
2024-02-11 12:47:21,607 [INFO] PluginManage:359 - Loaded plugin pinoutconfig (category:base,tabindex:0)
2024-02-11 12:47:21,607 [INFO] PluginManage:310 - Check plugin power
2024-02-11 12:47:21,613 [INFO] PluginManage:359 - Loaded plugin power (category:power,tabindex:4)
2024-02-11 12:47:21,613 [INFO] PluginManage:310 - Check plugin projectmanager
2024-02-11 12:47:21,623 [INFO] PluginManage:359 - Loaded plugin projectmanager (category:projectmanager,tabindex:3)
2024-02-11 12:47:21,624 [INFO] PluginManage:310 - Check plugin thirdparty
2024-02-11 12:47:21,724 [INFO] PluginManage:359 - Loaded plugin thirdparty (category:base,tabindex:-1)
2024-02-11 12:47:21,724 [WARN] IntegrityCheckThread:84 - waiting for thirdparty lock release [integrity check]
2024-02-11 12:47:21,724 [INFO] PluginManage:310 - Check plugin tools
2024-02-11 12:47:21,724 [INFO] IntegrityCheckThread:86 - entering critical section [integrity check]
2024-02-11 12:47:21,724 [INFO] ThirdPartyUpdaterWithRetryManager:70 - Updater plugin not ready yet. [1/15]
2024-02-11 12:47:21,726 [INFO] PluginManage:359 - Loaded plugin tools (category:base,tabindex:7)
2024-02-11 12:47:21,727 [INFO] PluginManage:310 - Check plugin tutovideos
2024-02-11 12:47:21,859 [INFO] PluginManage:359 - Loaded plugin tutovideos (category:base,tabindex:-1)
2024-02-11 12:47:21,859 [INFO] PluginManage:310 - Check plugin updater
2024-02-11 12:47:21,868 [INFO] PluginManage:359 - Loaded plugin updater (category:base,tabindex:12)
2024-02-11 12:47:21,868 [INFO] PluginManage:310 - Check plugin userauth
2024-02-11 12:47:21,873 [INFO] UserAuth:113 - Init User Auth plugin
2024-02-11 12:47:21,873 [INFO] PluginManage:359 - Loaded plugin userauth (category:base,tabindex:14)
2024-02-11 12:47:21,873 [INFO] PluginManage:283 - PluginManage : Loaded plugins [17]
2024-02-11 12:47:22,046 [INFO] PinOutPanel:1499 - setPackage(No Configuration,No Configuration)
2024-02-11 12:47:22,136 [INFO] CADModel:165 - CPN selected for project level
2024-02-11 12:47:22,136 [INFO] CADModel:114 - Register for checkConnection events
2024-02-11 12:47:22,149 [INFO] IPUIPlugin:80 - create IPUIPlugin
2024-02-11 12:47:22,149 [INFO] PluginManager:220 - loadIPPluginJar : add adc
2024-02-11 12:47:22,152 [INFO] IPUIPlugin:80 - create IPUIPlugin
2024-02-11 12:47:22,152 [INFO] PluginManager:220 - loadIPPluginJar : add aes
2024-02-11 12:47:22,153 [INFO] IPUIPlugin:80 - create IPUIPlugin
2024-02-11 12:47:22,153 [INFO] PluginManager:220 - loadIPPluginJar : add can
2024-02-11 12:47:22,154 [INFO] IPUIPlugin:80 - create IPUIPlugin
2024-02-11 12:47:22,154 [INFO] PluginManager:220 - loadIPPluginJar : add comp
2024-02-11 12:47:22,156 [INFO] IPUIPlugin:80 - create IPUIPlugin
2024-02-11 12:47:22,156 [INFO] PluginManager:220 - loadIPPluginJar : add cryp
2024-02-11 12:47:22,158 [INFO] IPUIPlugin:80 - create IPUIPlugin
2024-02-11 12:47:22,158 [INFO] PluginManager:220 - loadIPPluginJar : add dfsdm
2024-02-11 12:47:22,162 [INFO] IPUIPlugin:80 - create IPUIPlugin
2024-02-11 12:47:22,163 [INFO] PluginManager:220 - loadIPPluginJar : add dma
2024-02-11 12:47:22,164 [INFO] IPUIPlugin:80 - create IPUIPlugin
2024-02-11 12:47:22,164 [INFO] PluginManager:220 - loadIPPluginJar : add dma3
2024-02-11 12:47:22,165 [INFO] IPUIPlugin:80 - create IPUIPlugin
2024-02-11 12:47:22,165 [INFO] PluginManager:220 - loadIPPluginJar : add fatfs
2024-02-11 12:47:22,169 [INFO] IPUIPlugin:80 - create IPUIPlugin
2024-02-11 12:47:22,169 [INFO] PluginManager:220 - loadIPPluginJar : add fmc
2024-02-11 12:47:22,174 [INFO] IPUIPlugin:80 - create IPUIPlugin
2024-02-11 12:47:22,174 [INFO] PluginManager:220 - loadIPPluginJar : add freertos
2024-02-11 12:47:22,176 [INFO] IPUIPlugin:80 - create IPUIPlugin
2024-02-11 12:47:22,176 [INFO] PluginManager:220 - loadIPPluginJar : add genericplugin
2024-02-11 12:47:22,177 [INFO] IPUIPlugin:80 - create IPUIPlugin
2024-02-11 12:47:22,177 [INFO] PluginManager:220 - loadIPPluginJar : add gfxmmu
2024-02-11 12:47:22,180 [INFO] IPUIPlugin:80 - create IPUIPlugin
2024-02-11 12:47:22,180 [INFO] PluginManager:220 - loadIPPluginJar : add gic
2024-02-11 12:47:22,184 [INFO] IPUIPlugin:80 - create IPUIPlugin
2024-02-11 12:47:22,184 [INFO] PluginManager:220 - loadIPPluginJar : add gpio
2024-02-11 12:47:22,185 [INFO] IPUIPlugin:80 - create IPUIPlugin
2024-02-11 12:47:22,185 [INFO] PluginManager:220 - loadIPPluginJar : add gtzc
2024-02-11 12:47:22,187 [INFO] IPUIPlugin:80 - create IPUIPlugin
2024-02-11 12:47:22,187 [INFO] PluginManager:220 - loadIPPluginJar : add hash
2024-02-11 12:47:22,189 [INFO] IPUIPlugin:80 - create IPUIPlugin
2024-02-11 12:47:22,189 [INFO] PluginManager:220 - loadIPPluginJar : add i2c
2024-02-11 12:47:22,190 [INFO] IPUIPlugin:80 - create IPUIPlugin
2024-02-11 12:47:22,190 [INFO] PluginManager:220 - loadIPPluginJar : add i2s
2024-02-11 12:47:22,192 [INFO] IPUIPlugin:80 - create IPUIPlugin
2024-02-11 12:47:22,192 [INFO] PluginManager:220 - loadIPPluginJar : add i3c
2024-02-11 12:47:22,195 [INFO] IPUIPlugin:80 - create IPUIPlugin
2024-02-11 12:47:22,195 [INFO] PluginManager:220 - loadIPPluginJar : add ipddr
2024-02-11 12:47:22,201 [INFO] IPUIPlugin:80 - create IPUIPlugin
2024-02-11 12:47:22,202 [INFO] PluginManager:220 - loadIPPluginJar : add linkedlist
2024-02-11 12:47:22,206 [INFO] IPUIPlugin:80 - create IPUIPlugin
2024-02-11 12:47:22,207 [INFO] PluginManager:220 - loadIPPluginJar : add lorawan
2024-02-11 12:47:22,208 [INFO] IPUIPlugin:80 - create IPUIPlugin
2024-02-11 12:47:22,208 [INFO] PluginManager:220 - loadIPPluginJar : add ltdc
2024-02-11 12:47:22,215 [INFO] IPUIPlugin:80 - create IPUIPlugin
2024-02-11 12:47:22,219 [INFO] PluginManager:220 - loadIPPluginJar : add mdma
2024-02-11 12:47:22,222 [INFO] IPUIPlugin:80 - create IPUIPlugin
2024-02-11 12:47:22,222 [INFO] PluginManager:220 - loadIPPluginJar : add nvic
2024-02-11 12:47:22,225 [INFO] IPUIPlugin:80 - create IPUIPlugin
2024-02-11 12:47:22,225 [INFO] PluginManager:220 - loadIPPluginJar : add opamp
2024-02-11 12:47:22,228 [INFO] IPUIPlugin:80 - create IPUIPlugin
2024-02-11 12:47:22,228 [INFO] PluginManager:220 - loadIPPluginJar : add openamp
2024-02-11 12:47:22,231 [INFO] IPUIPlugin:80 - create IPUIPlugin
2024-02-11 12:47:22,231 [INFO] PluginManager:220 - loadIPPluginJar : add pdm2pcm
2024-02-11 12:47:22,236 [INFO] IPUIPlugin:80 - create IPUIPlugin
2024-02-11 12:47:22,240 [INFO] PluginManager:220 - loadIPPluginJar : add plateformsettings
2024-02-11 12:47:22,241 [INFO] IPUIPlugin:80 - create IPUIPlugin
2024-02-11 12:47:22,241 [INFO] PluginManager:220 - loadIPPluginJar : add quadspi
2024-02-11 12:47:22,245 [INFO] IPUIPlugin:80 - create IPUIPlugin
2024-02-11 12:47:22,245 [INFO] PluginManager:220 - loadIPPluginJar : add resmgrutility
2024-02-11 12:47:22,250 [INFO] IPUIPlugin:80 - create IPUIPlugin
2024-02-11 12:47:22,250 [INFO] PluginManager:220 - loadIPPluginJar : add sai
2024-02-11 12:47:22,252 [INFO] IPUIPlugin:80 - create IPUIPlugin
2024-02-11 12:47:22,252 [INFO] PluginManager:220 - loadIPPluginJar : add spi
2024-02-11 12:47:22,257 [INFO] IPUIPlugin:80 - create IPUIPlugin
2024-02-11 12:47:22,257 [INFO] PluginManager:220 - loadIPPluginJar : add stm32_wpan
2024-02-11 12:47:22,258 [INFO] IPUIPlugin:80 - create IPUIPlugin
2024-02-11 12:47:22,258 [INFO] PluginManager:220 - loadIPPluginJar : add tim
2024-02-11 12:47:22,261 [INFO] IPUIPlugin:80 - create IPUIPlugin
2024-02-11 12:47:22,261 [INFO] PluginManager:220 - loadIPPluginJar : add touchsensing
2024-02-11 12:47:22,262 [INFO] IPUIPlugin:80 - create IPUIPlugin
2024-02-11 12:47:22,262 [INFO] PluginManager:220 - loadIPPluginJar : add tracer_emb
2024-02-11 12:47:22,263 [INFO] IPUIPlugin:80 - create IPUIPlugin
2024-02-11 12:47:22,263 [INFO] PluginManager:220 - loadIPPluginJar : add ts
2024-02-11 12:47:22,264 [INFO] IPUIPlugin:80 - create IPUIPlugin
2024-02-11 12:47:22,265 [INFO] PluginManager:220 - loadIPPluginJar : add tsc
2024-02-11 12:47:22,266 [INFO] IPUIPlugin:80 - create IPUIPlugin
2024-02-11 12:47:22,266 [INFO] PluginManager:220 - loadIPPluginJar : add ucpd
2024-02-11 12:47:22,268 [INFO] IPUIPlugin:80 - create IPUIPlugin
2024-02-11 12:47:22,268 [INFO] PluginManager:220 - loadIPPluginJar : add usart
2024-02-11 12:47:22,270 [INFO] IPUIPlugin:80 - create IPUIPlugin
2024-02-11 12:47:22,270 [INFO] PluginManager:220 - loadIPPluginJar : add usbx
2024-02-11 12:47:22,389 [INFO] CADModel:165 - CPN selected for project level
2024-02-11 12:47:22,390 [INFO] CADModel:114 - Register for checkConnection events
2024-02-11 12:47:22,390 [FATAL] Updater:308 - Updater called before beeing initialized
2024-02-11 12:47:22,390 [ERROR] CADModel:125 - Updater not yet initialized, retry later 
2024-02-11 12:47:22,502 [INFO] CADModel:165 - CPN selected for project level
2024-02-11 12:47:22,502 [INFO] CADModel:114 - Register for checkConnection events
2024-02-11 12:47:22,502 [FATAL] Updater:308 - Updater called before beeing initialized
2024-02-11 12:47:22,502 [ERROR] CADModel:125 - Updater not yet initialized, retry later 
2024-02-11 12:47:22,504 [FATAL] Updater:308 - Updater called before beeing initialized
2024-02-11 12:47:22,588 [FATAL] Updater:308 - Updater called before beeing initialized
2024-02-11 12:47:22,592 [INFO] DbMcusAds:53 - JSON generation date=Wed Nov 29 17:52:27 ICT 2023 (1701255147200)
2024-02-11 12:47:22,593 [FATAL] Updater:308 - Updater called before beeing initialized
2024-02-11 12:47:22,620 [WARN] DetailPanel:346 - Failed to get advertising image, set to default
2024-02-11 12:47:22,703 [FATAL] Updater:308 - Updater called before beeing initialized
2024-02-11 12:47:22,703 [FATAL] Updater:308 - Updater called before beeing initialized
2024-02-11 12:47:22,704 [FATAL] Updater:308 - Updater called before beeing initialized
2024-02-11 12:47:22,704 [WARN] DetailPanel:346 - Failed to get advertising image, set to default
2024-02-11 12:47:22,704 [FATAL] Updater:308 - Updater called before beeing initialized
2024-02-11 12:47:22,741 [ERROR] Updater:1120 - MainUpdater not yet initialized. External WinMGr cannot be set.
2024-02-11 12:47:22,742 [INFO] Updater:1056 - Updater Version found : 6.9.1
2024-02-11 12:47:22,757 [INFO] ApplicationProperties:184 - Using Application install path: C:\ST\STM32CubeIDE_1.13.1\STM32CubeIDE\plugins\com.st.stm32cube.common.mx_6.9.1.202307191849
2024-02-11 12:47:22,960 [INFO] MainUpdater:2868 - connection check result : 10
2024-02-11 12:47:22,961 [INFO] MainUpdater:285 - Updater Check For Update Now.
2024-02-11 12:47:22,961 [INFO] MicroXplorer:498 - Change Database Version : DB.6.0.91
2024-02-11 12:47:22,966 [INFO] McuFinderGlobals:63 - Set McuFinder mode to 2 (CubeIDE integrated)
2024-02-11 12:47:22,966 [INFO] UserAuth:179 - activating auth plugin
2024-02-11 12:47:22,969 [INFO] UserAuth:393 - Internet connection configuration mode: 1
2024-02-11 12:47:22,978 [INFO] JxBrowserEngine:151 - Initiate JxBrowser Engine with user profile folder
2024-02-11 12:47:23,128 [INFO] CheckServerUpdateThread:120 - End of CheckServer Thread
2024-02-11 12:47:23,523 [INFO] WebApp:157 - Instantiating new browser for Auth
2024-02-11 12:47:23,903 [INFO] WebApp:753 - Register for checkConnection events
2024-02-11 12:47:23,903 [INFO] WebApp:390 - Apply proxy settings
2024-02-11 12:47:23,903 [INFO] WebApp:475 - Chromium requires no authentication
2024-02-11 12:47:23,908 [INFO] WebApp:418 - Direct internet connection detected
2024-02-11 12:47:24,024 [INFO] WebApp:188 - Starting web application
2024-02-11 12:47:24,025 [INFO] WebApp:520 - Web application path used C:\ST\STM32CubeIDE_1.13.1\STM32CubeIDE\plugins\com.st.stm32cube.common.mx_6.9.1.202307191849\db\plugins\mcufinder\reactClient1\index.html
2024-02-11 12:47:24,845 [WARN] PackLoader:240 - Cannot read IP mode file for STMicroelectronics.X-CUBE-SMBUS.2.1.0
2024-02-11 12:47:24,850 [WARN] PackLoader:240 - Cannot read IP mode file for STMicroelectronics.X-CUBE-TOUCHGFX.4.23.0
2024-02-11 12:47:24,875 [WARN] PackLoader:240 - Cannot read IP mode file for STMicroelectronics.X-CUBE-AZRTOS-F7.1.1.0
2024-02-11 12:47:24,883 [WARN] PackLoader:240 - Cannot read IP mode file for STMicroelectronics.FP-SNS-MOTENV1.4.3.2
2024-02-11 12:47:24,888 [WARN] PackLoader:240 - Cannot read IP mode file for STMicroelectronics.FP-SNS-FLIGHT1.5.0.1
2024-02-11 12:47:24,896 [WARN] PackLoader:240 - Cannot read IP mode file for STMicroelectronics.X-CUBE-BLE1.6.2.4
2024-02-11 12:47:24,902 [WARN] PackLoader:240 - Cannot read IP mode file for STMicroelectronics.FP-SNS-FLIGHT1.5.0.2
2024-02-11 12:47:24,914 [WARN] PackLoader:240 - Cannot read IP mode file for STMicroelectronics.X-CUBE-DISPLAY.3.0.0
2024-02-11 12:47:24,924 [WARN] PackLoader:240 - Cannot read IP mode file for STMicroelectronics.X-CUBE-BLE1.7.0.0
2024-02-11 12:47:24,932 [WARN] PackLoader:240 - Cannot read IP mode file for emotas.I-CUBE-CANOPEN.1.3.0
2024-02-11 12:47:24,936 [WARN] PackLoader:240 - Cannot read IP mode file for STMicroelectronics.X-CUBE-TOUCHGFX.4.22.0
2024-02-11 12:47:24,941 [WARN] PackLoader:240 - Cannot read IP mode file for STMicroelectronics.X-CUBE-TOUCHGFX.4.22.1
2024-02-11 12:47:24,946 [WARN] PackLoader:240 - Cannot read IP mode file for STMicroelectronics.FP-SNS-SMARTAG2.1.2.0
2024-02-11 12:47:24,968 [INFO] LogOutputStream:77 - [STDOUT_REDIRECT] 1 : Invalid condition id : UX_CORESTACK_Condition cause : null
2024-02-11 12:47:24,969 [INFO] LogOutputStream:77 - [STDOUT_REDIRECT] 1 : Invalid condition id : UX_CORESTACK_Condition cause : null
2024-02-11 12:47:24,970 [INFO] LogOutputStream:77 - [STDOUT_REDIRECT] 1 : Invalid condition id : UX_CORESTACK_Condition cause : null
2024-02-11 12:47:24,972 [INFO] LogOutputStream:77 - [STDOUT_REDIRECT] 1 : Invalid condition id : UX_CORESTACK_Condition cause : null
2024-02-11 12:47:24,973 [INFO] LogOutputStream:77 - [STDOUT_REDIRECT] 1 : Invalid condition id : UX_CORESTACK_Condition cause : null
2024-02-11 12:47:24,979 [WARN] PackLoader:240 - Cannot read IP mode file for STMicroelectronics.X-CUBE-AZRTOS-WL.2.0.0
2024-02-11 12:47:24,989 [WARN] PackLoader:240 - Cannot read IP mode file for WES.I-CUBE-Cesium.1.3.0
2024-02-11 12:47:24,994 [WARN] PackLoader:240 - Cannot read IP mode file for STMicroelectronics.X-CUBE-BLE2.3.3.0
2024-02-11 12:47:25,001 [WARN] PackLoader:240 - Cannot read IP mode file for STMicroelectronics.X-CUBE-ALGOBUILD.1.3.0
2024-02-11 12:47:25,019 [WARN] PackLoader:240 - Cannot read IP mode file for STMicroelectronics.X-CUBE-AZRTOS-G0.1.1.0
2024-02-11 12:47:25,026 [WARN] PackLoader:240 - Cannot read IP mode file for STMicroelectronics.X-CUBE-NFC4.3.0.0
2024-02-11 12:47:25,034 [WARN] PackLoader:240 - Cannot read IP mode file for STMicroelectronics.X-CUBE-BLEMGR.3.0.0
2024-02-11 12:47:25,042 [WARN] PackLoader:240 - Cannot read IP mode file for STMicroelectronics.FP-ATR-SIGFOX1.3.2.0
2024-02-11 12:47:25,047 [WARN] PackLoader:240 - Cannot read IP mode file for STMicroelectronics.X-CUBE-EEPRMA1.5.1.0
2024-02-11 12:47:25,073 [WARN] PackLoader:240 - Cannot read IP mode file for SEGGER.I-CUBE-embOS.1.3.1
2024-02-11 12:47:25,097 [WARN] PackLoader:240 - Cannot read IP mode file for STMicroelectronics.X-CUBE-GNSS1.6.0.0
2024-02-11 12:47:25,110 [WARN] PackLoader:240 - Cannot read IP mode file for STMicroelectronics.X-CUBE-AZRTOS-F4.1.1.0
2024-02-11 12:47:25,114 [WARN] PackLoader:240 - Cannot read IP mode file for wolfSSL.I-CUBE-wolfSSL.5.6.3
2024-02-11 12:47:25,129 [WARN] PackLoader:240 - Cannot read IP mode file for STMicroelectronics.X-CUBE-AZRTOS-L5.2.0.0
2024-02-11 12:47:25,159 [WARN] PackLoader:240 - Cannot read IP mode file for STMicroelectronics.X-CUBE-MEMS1.9.6.0
2024-02-11 12:47:25,248 [WARN] PackLoader:240 - Cannot read IP mode file for STMicroelectronics.X-CUBE-EEPRMA1.4.2.0
2024-02-11 12:47:25,252 [WARN] PackLoader:240 - Cannot read IP mode file for ITTIA_DB.I-CUBE-ITTIADB.8.8.0
2024-02-11 12:47:25,256 [WARN] PackLoader:240 - Cannot read IP mode file for STMicroelectronics.X-CUBE-BLEMGR.2.0.0
2024-02-11 12:47:25,267 [WARN] ConditionMgr:438 - getConditionDescription Invalid condition id : UX DEVICE CLASS RTOS Condition cause : null
2024-02-11 12:47:25,267 [WARN] ConditionMgr:438 - getConditionDescription Invalid condition id : UX DEVICE CLASS RTOS Condition cause : null
2024-02-11 12:47:25,268 [WARN] PackLoader:240 - Cannot read IP mode file for STMicroelectronics.X-CUBE-AZRTOS-H7.3.1.0
2024-02-11 12:47:25,269 [WARN] ConditionMgr:1039 - genDependencies : Invalid condition id : UX DEVICE CLASS RTOS Condition cause : null
2024-02-11 12:47:25,269 [WARN] ConditionMgr:1039 - genDependencies : Invalid condition id : UX DEVICE CLASS RTOS Condition cause : null
2024-02-11 12:47:25,269 [WARN] ConditionMgr:1039 - genDependencies : Invalid condition id : UX DEVICE CLASS RTOS Condition cause : null
2024-02-11 12:47:25,270 [WARN] ConditionMgr:1039 - genDependencies : Invalid condition id : UX DEVICE CLASS RTOS Condition cause : null
2024-02-11 12:47:25,270 [WARN] ConditionMgr:1039 - genDependencies : Invalid condition id : UX DEVICE CLASS RTOS Condition cause : null
2024-02-11 12:47:25,275 [WARN] PackLoader:240 - Cannot read IP mode file for STMicroelectronics.X-CUBE-NFC7.1.0.1
2024-02-11 12:47:25,281 [WARN] PackLoader:240 - Cannot read IP mode file for STMicroelectronics.X-CUBE-NFC6.3.0.0
2024-02-11 12:47:25,287 [WARN] PackLoader:240 - Cannot read IP mode file for STMicroelectronics.X-CUBE-EEPRMA1.4.1.0
2024-02-11 12:47:25,290 [WARN] PackLoader:240 - Cannot read IP mode file for STMicroelectronics.X-CUBE-AI.8.1.0
2024-02-11 12:47:25,302 [WARN] ConditionMgr:438 - getConditionDescription Invalid condition id : LAN8742 Phy interface Condition cause : null
2024-02-11 12:47:25,302 [WARN] PackLoader:240 - Cannot read IP mode file for STMicroelectronics.X-CUBE-AZRTOS-L4.2.0.0
2024-02-11 12:47:25,303 [WARN] ConditionMgr:1039 - genDependencies : Invalid condition id : LAN8742 Phy interface Condition cause : null
2024-02-11 12:47:25,303 [WARN] ConditionMgr:1039 - genDependencies : Invalid condition id : LAN8742 Phy interface Condition cause : null
2024-02-11 12:47:25,303 [WARN] ConditionMgr:1039 - genDependencies : Invalid condition id : LAN8742 Phy interface Condition cause : null
2024-02-11 12:47:25,310 [WARN] PackLoader:240 - Cannot read IP mode file for STMicroelectronics.X-CUBE-SFXS2LP1.4.0.0
2024-02-11 12:47:25,317 [WARN] PackLoader:240 - Cannot read IP mode file for STMicroelectronics.X-CUBE-ISPU.1.1.0
2024-02-11 12:47:25,327 [WARN] ConditionMgr:438 - getConditionDescription Invalid condition id : UX DEVICE CLASS RTOS Condition cause : null
2024-02-11 12:47:25,327 [WARN] ConditionMgr:438 - getConditionDescription Invalid condition id : UX DEVICE CLASS RTOS Condition cause : null
2024-02-11 12:47:25,329 [WARN] PackLoader:240 - Cannot read IP mode file for STMicroelectronics.X-CUBE-AZRTOS-WB.2.0.0
2024-02-11 12:47:25,329 [WARN] ConditionMgr:1039 - genDependencies : Invalid condition id : UX DEVICE CLASS RTOS Condition cause : null
2024-02-11 12:47:25,329 [WARN] ConditionMgr:1039 - genDependencies : Invalid condition id : UX DEVICE CLASS RTOS Condition cause : null
2024-02-11 12:47:25,330 [WARN] ConditionMgr:1039 - genDependencies : Invalid condition id : UX DEVICE CLASS RTOS Condition cause : null
2024-02-11 12:47:25,330 [WARN] ConditionMgr:1039 - genDependencies : Invalid condition id : UX DEVICE CLASS RTOS Condition cause : null
2024-02-11 12:47:25,330 [WARN] ConditionMgr:1039 - genDependencies : Invalid condition id : UX DEVICE CLASS RTOS Condition cause : null
2024-02-11 12:47:25,334 [WARN] PackLoader:240 - Cannot read IP mode file for STMicroelectronics.X-CUBE-FREERTOS.1.0.1
2024-02-11 12:47:25,344 [WARN] PackLoader:240 - Cannot read IP mode file for STMicroelectronics.X-CUBE-AZRTOS-L5.1.1.0
2024-02-11 12:47:25,350 [WARN] PackLoader:240 - Cannot read IP mode file for STMicroelectronics.X-CUBE-AI.8.0.1
2024-02-11 12:47:25,356 [WARN] PackLoader:240 - Cannot read IP mode file for STMicroelectronics.X-CUBE-SUBG2.5.0.0
2024-02-11 12:47:25,364 [WARN] PackLoader:240 - Cannot read IP mode file for STMicroelectronics.X-CUBE-TOF1.3.3.1
2024-02-11 12:47:25,383 [WARN] PackLoader:240 - Cannot read IP mode file for STMicroelectronics.X-CUBE-AZRTOS-G4.2.0.0
2024-02-11 12:47:25,389 [WARN] PackLoader:240 - Cannot read IP mode file for STMicroelectronics.X-CUBE-TOF1.3.3.0
2024-02-11 12:47:25,402 [WARN] PackLoader:240 - Cannot read IP mode file for Infineon.AIROC-Wi-Fi-Bluetooth-STM32.1.5.1
2024-02-11 12:47:25,407 [WARN] PackLoader:240 - Cannot read IP mode file for STMicroelectronics.FP-SNS-MOTENVWB1.1.3.0
2024-02-11 12:47:25,411 [WARN] PackLoader:240 - Cannot read IP mode file for STMicroelectronics.FP-SNS-MOTENVWB1.1.3.1
2024-02-11 12:47:25,416 [WARN] PackLoader:240 - Cannot read IP mode file for STMicroelectronics.X-CUBE-ISPU.2.0.0
2024-02-11 12:47:25,438 [WARN] PackLoader:240 - Cannot read IP mode file for STMicroelectronics.X-CUBE-MEMS1.10.0.0
2024-02-11 12:47:25,522 [WARN] PackLoader:240 - Cannot read IP mode file for STMicroelectronics.X-CUBE-FREERTOS.1.1.0
2024-02-11 12:47:25,526 [WARN] PackLoader:240 - Cannot read IP mode file for portGmbH.I-Cube-SoM-uGOAL.1.1.0
2024-02-11 12:47:25,529 [WARN] PackLoader:240 - Cannot read IP mode file for STMicroelectronics.X-CUBE-ALS.1.0.1
2024-02-11 12:47:25,536 [WARN] PackLoader:240 - Cannot read IP mode file for STMicroelectronics.X-CUBE-AZRTOS-WB.1.1.0
2024-02-11 12:47:25,539 [WARN] PackLoader:240 - Cannot read IP mode file for STMicroelectronics.FP-ATR-ASTRA1.2.0.0
2024-02-11 12:47:25,546 [WARN] PackLoader:240 - Cannot read IP mode file for STMicroelectronics.X-CUBE-TOF1.3.4.0
2024-02-11 12:47:25,563 [WARN] PackLoader:240 - Cannot read IP mode file for STMicroelectronics.X-CUBE-AZRTOS-H7.3.2.0
2024-02-11 12:47:25,566 [INFO] ThirdParty:978 - Integrity check success = true
2024-02-11 12:47:25,566 [INFO] IntegrityCheckThread:100 - exiting critical section [integrity check]
2024-02-11 12:47:25,566 [INFO] IntegrityCheckThread:103 - End integrity checks thread
2024-02-11 12:47:44,610 [ERROR] LogOutputStream:75 - [STDERR_REDIRECT] SLF4J: Failed to load class "org.slf4j.impl.StaticLoggerBinder".
2024-02-11 12:47:44,610 [ERROR] LogOutputStream:75 - [STDERR_REDIRECT] SLF4J: Defaulting to no-operation (NOP) logger implementation
2024-02-11 12:47:44,611 [ERROR] LogOutputStream:75 - [STDERR_REDIRECT] SLF4J: See http://www.slf4j.org/codes.html#StaticLoggerBinder for further details.
2024-02-11 12:48:27,493 [INFO] LogOutputStream:77 - [STDOUT_REDIRECT] Unexpected error loading extension: org.eclipse.equinox.p2.metadata.repository.compositeRepository
2024-02-11 12:48:27,494 [ERROR] LogOutputStream:75 - [STDERR_REDIRECT] java.lang.IllegalStateException: bundle org.eclipse.equinox.p2.repositoryis not started
2024-02-11 12:48:27,495 [ERROR] LogOutputStream:75 - [STDERR_REDIRECT] 	at org.eclipse.equinox.internal.p2.repository.Activator.getContext(Activator.java:65)
2024-02-11 12:48:27,498 [ERROR] LogOutputStream:75 - [STDERR_REDIRECT] 	at org.eclipse.equinox.internal.p2.repository.helpers.AbstractRepositoryManager.restoreFromSystemProperty(AbstractRepositoryManager.java:1013)
2024-02-11 12:48:27,500 [ERROR] LogOutputStream:75 - [STDERR_REDIRECT] 	at org.eclipse.equinox.internal.p2.repository.helpers.AbstractRepositoryManager.restoreRepositories(AbstractRepositoryManager.java:1033)
2024-02-11 12:48:27,502 [ERROR] LogOutputStream:75 - [STDERR_REDIRECT] 	at org.eclipse.equinox.internal.p2.repository.helpers.AbstractRepositoryManager.getRepositoryProperty(AbstractRepositoryManager.java:571)
2024-02-11 12:48:27,505 [ERROR] LogOutputStream:75 - [STDERR_REDIRECT] 	at org.eclipse.equinox.internal.p2.repository.helpers.AbstractRepositoryManager.loadRepository(AbstractRepositoryManager.java:703)
2024-02-11 12:48:27,508 [ERROR] LogOutputStream:75 - [STDERR_REDIRECT] 	at org.eclipse.equinox.internal.p2.metadata.repository.MetadataRepositoryManager.loadRepository(MetadataRepositoryManager.java:110)
2024-02-11 12:48:27,510 [ERROR] LogOutputStream:75 - [STDERR_REDIRECT] 	at org.eclipse.equinox.internal.p2.metadata.repository.MetadataRepositoryManager.loadRepository(MetadataRepositoryManager.java:105)
2024-02-11 12:48:27,513 [ERROR] LogOutputStream:75 - [STDERR_REDIRECT] 	at org.eclipse.equinox.internal.p2.metadata.repository.CompositeMetadataRepository.addChild(CompositeMetadataRepository.java:171)
2024-02-11 12:48:27,516 [ERROR] LogOutputStream:75 - [STDERR_REDIRECT] 	at org.eclipse.equinox.internal.p2.metadata.repository.CompositeMetadataRepository.<init>(CompositeMetadataRepository.java:113)
2024-02-11 12:48:27,518 [ERROR] LogOutputStream:75 - [STDERR_REDIRECT] 	at org.eclipse.equinox.internal.p2.metadata.repository.CompositeMetadataRepositoryFactory.load(CompositeMetadataRepositoryFactory.java:124)
2024-02-11 12:48:27,520 [ERROR] LogOutputStream:75 - [STDERR_REDIRECT] 	at org.eclipse.equinox.internal.p2.metadata.repository.MetadataRepositoryManager.factoryLoad(MetadataRepositoryManager.java:63)
2024-02-11 12:48:27,522 [ERROR] LogOutputStream:75 - [STDERR_REDIRECT] 	at org.eclipse.equinox.internal.p2.repository.helpers.AbstractRepositoryManager.loadRepository(AbstractRepositoryManager.java:787)
2024-02-11 12:48:27,524 [ERROR] LogOutputStream:75 - [STDERR_REDIRECT] 	at org.eclipse.equinox.internal.p2.repository.helpers.AbstractRepositoryManager.loadRepository(AbstractRepositoryManager.java:685)
2024-02-11 12:48:27,527 [ERROR] LogOutputStream:75 - [STDERR_REDIRECT] 	at org.eclipse.equinox.internal.p2.metadata.repository.MetadataRepositoryManager.loadRepository(MetadataRepositoryManager.java:110)
2024-02-11 12:48:27,528 [ERROR] LogOutputStream:75 - [STDERR_REDIRECT] 	at org.eclipse.equinox.internal.p2.metadata.repository.MetadataRepositoryManager.loadRepository(MetadataRepositoryManager.java:105)
2024-02-11 12:48:27,530 [ERROR] LogOutputStream:75 - [STDERR_REDIRECT] 	at org.eclipse.equinox.internal.p2.metadata.repository.CompositeMetadataRepository.addChild(CompositeMetadataRepository.java:171)
